MainThread--http://www.dy2018.com/support/GuestBook.php-geturllist-爬取程序错误timed out
MainThread--http://www.dy2018.comindex.html-geturllist-爬取程序错误
MainThread-----foreach-----爬取程序错误'ascii' codec can't encode characters in position 97-100: ordinal not in range(128)
MainThread-------http://www.dy2018.com/support/GuestBook.php-----------不能重复爬取
MainThread-------http://www.dy2018.com/html/gndy/dyzz/index.html-----------不能重复爬取
MainThread-------http://www.dy2018.com/html/gndy/index.html-----------不能重复爬取
MainThread-------http://www.dy2018.com/html/tv/hytv/index.html-----------不能重复爬取
MainThread-------http://www.dy2018.com/html/tv/hytv/index.html-----------不能重复爬取
MainThread-------http://www.dy2018.com/html/tv/rihantv/index.html-----------不能重复爬取
MainThread-------http://www.dy2018.com/html/tv/rihantv/index.html-----------不能重复爬取
MainThread-------http://www.dy2018.com/html/tv/oumeitv/index.html-----------不能重复爬取
MainThread-------http://www.dy2018.com/html/tv/oumeitv/index.html-----------不能重复爬取
MainThread-------http://www.dy2018.com/html/zongyi2013/index.html-----------不能重复爬取
MainThread-------http://www.dy2018.com/2/index.html-----------不能重复爬取
MainThread-------http://www.dy2018.com/0/index.html-----------不能重复爬取
MainThread-------http://www.dy2018.com/3/index.html-----------不能重复爬取
MainThread-------http://www.dy2018.com/1/index.html-----------不能重复爬取
MainThread-------http://www.dy2018.com/4/index.html-----------不能重复爬取
MainThread-------http://www.dy2018.com/8/index.html-----------不能重复爬取
MainThread-------http://www.dy2018.com/5/index.html-----------不能重复爬取
MainThread-------http://www.dy2018.com/7/index.html-----------不能重复爬取
MainThread-------http://www.dy2018.com/14/index.html-----------不能重复爬取
MainThread-------http://www.dy2018.com/15/index.html-----------不能重复爬取
MainThread-------http://www.dy2018.com/html/tv/hytv/index.html-----------不能重复爬取
MainThread-------http://www.dy2018.com/html/tv/oumeitv/index.html-----------不能重复爬取
MainThread-------http://www.dy2018.com/html/tv/rihantv/index.html-----------不能重复爬取
MainThread-------http://www.dy2018.com/html/zongyi2013/index.html-----------不能重复爬取
MainThread-------http://www.dy2018.com/html/dongman/index.html-----------不能重复爬取
MainThread-------http://www.dy2018.com/support/GuestBook.php-----------不能重复爬取
MainThread-------http://www.dy2018.comindex.html-----------不能重复爬取
MainThread-------http://www.dy2018.com/0/index.html-----------不能重复爬取
MainThread-------http://www.dy2018.com/1/index.html-----------不能重复爬取
MainThread-------http://www.dy2018.com/2/index.html-----------不能重复爬取
MainThread-------http://www.dy2018.com/3/index.html-----------不能重复爬取
MainThread-------http://www.dy2018.com/4/index.html-----------不能重复爬取
MainThread-------http://www.dy2018.com/5/index.html-----------不能重复爬取
MainThread-------http://www.dy2018.com/7/index.html-----------不能重复爬取
MainThread-------http://www.dy2018.com/8/index.html-----------不能重复爬取
MainThread-------http://www.dy2018.com/14/index.html-----------不能重复爬取
MainThread-------http://www.dy2018.com/15/index.html-----------不能重复爬取
MainThread-------http://www.dy2018.com/i/98191.html-----------不能重复爬取
MainThread-------http://www.dy2018.com/i/97979.html-----------不能重复爬取
MainThread-------http://www.dy2018.com/i/98186.html-----------不能重复爬取
MainThread-------http://www.dy2018.com/i/98184.html-----------不能重复爬取
MainThread-------http://www.dy2018.com/i/98178.html-----------不能重复爬取
MainThread-------http://www.dy2018.com/i/98176.html-----------不能重复爬取
MainThread-------http://www.dy2018.com/i/98171.html-----------不能重复爬取
MainThread-------http://www.dy2018.com/i/98167.html-----------不能重复爬取
MainThread-------http://www.dy2018.com/i/98166.html-----------不能重复爬取
MainThread-------http://www.dy2018.com/i/98165.html-----------不能重复爬取
MainThread-------http://www.dy2018.com/i/98084.html-----------不能重复爬取
MainThread-------http://www.dy2018.com/i/98157.html-----------不能重复爬取
MainThread-------http://www.dy2018.com/i/98119.html-----------不能重复爬取
MainThread-----foreach-----爬取程序错误'ascii' codec can't encode characters in position 97-100: ordinal not in range(128)
MainThread-------http://www.dy2018.com/html/gndy/dyzz/index.html-----------不能重复爬取
MainThread-------http://www.dy2018.com/i/97979.html-----------不能重复爬取
MainThread-------http://www.dy2018.com/html/gndy/dyzz/index.html-----------不能重复爬取
MainThread-------http://www.dy2018.com/i/98178.html-----------不能重复爬取
MainThread-------http://www.dy2018.com/html/gndy/jddy/index.html-----------不能重复爬取
MainThread-------http://www.dy2018.com/html/gndy/jddy/index.html-----------不能重复爬取
MainThread-------http://www.dy2018.com/html/gndy/dyzz/index.html-----------不能重复爬取
MainThread-------http://www.dy2018.com/i/98166.html-----------不能重复爬取
MainThread-------http://www.dy2018.com/html/gndy/dyzz/index.html-----------不能重复爬取
MainThread-------http://www.dy2018.com/i/98084.html-----------不能重复爬取
MainThread-------http://www.dy2018.com/html/gndy/dyzz/index.html-----------不能重复爬取
MainThread-------http://www.dy2018.com/i/98153.html-----------不能重复爬取
MainThread-------http://www.dy2018.com/html/gndy/dyzz/index.html-----------不能重复爬取
MainThread-------http://www.dy2018.com/i/98020.html-----------不能重复爬取
MainThread-------http://www.dy2018.com/html/gndy/dyzz/index.html-----------不能重复爬取
MainThread-------http://www.dy2018.com/i/98149.html-----------不能重复爬取
MainThread-------http://www.dy2018.com/html/gndy/dyzz/index.html-----------不能重复爬取
MainThread-------http://www.dy2018.com/i/98142.html-----------不能重复爬取
MainThread-------http://www.dy2018.com/html/gndy/jddy/index.html-----------不能重复爬取
MainThread-------http://www.dy2018.com/html/gndy/dyzz/index.html-----------不能重复爬取
MainThread-------http://www.dy2018.com/i/97901.html-----------不能重复爬取
MainThread-------http://www.dy2018.com/html/gndy/dyzz/index.html-----------不能重复爬取
MainThread-------http://www.dy2018.com/html/gndy/jddy/index.html-----------不能重复爬取
MainThread-------http://www.dy2018.com/html/gndy/dyzz/index.html-----------不能重复爬取
MainThread-------http://www.dy2018.com/i/98133.html-----------不能重复爬取
MainThread-------http://www.dy2018.com/html/gndy/jddy/index.html-----------不能重复爬取
MainThread-------http://www.dy2018.com/html/gndy/jddy/index.html-----------不能重复爬取
MainThread-------http://www.dy2018.com/html/gndy/jddy/index.html-----------不能重复爬取
MainThread-------http://www.dy2018.com/html/gndy/jddy/index.html-----------不能重复爬取
MainThread-------http://www.dy2018.com/html/gndy/jddy/index.html-----------不能重复爬取
MainThread-------http://www.dy2018.com/html/gndy/jddy/index.html-----------不能重复爬取
MainThread-------http://www.dy2018.com/html/gndy/dyzz/index.html-----------不能重复爬取
MainThread-------http://www.dy2018.com/html/gndy/jddy/index.html-----------不能重复爬取
MainThread-------http://www.dy2018.com/html/gndy/jddy/index.html-----------不能重复爬取
MainThread-------http://www.dy2018.com/html/gndy/jddy/index.html-----------不能重复爬取
MainThread-------http://www.dy2018.com/html/gndy/jddy/index.html-----------不能重复爬取
MainThread-------http://www.dy2018.com/html/gndy/dyzz/index.html-----------不能重复爬取
MainThread-------http://www.dy2018.com/html/gndy/jddy/index.html-----------不能重复爬取
MainThread-------http://www.dy2018.com/html/gndy/jddy/index.html-----------不能重复爬取
MainThread-------http://www.dy2018.com/2/index.html-----------不能重复爬取
MainThread-------http://www.dy2018.com/0/index.html-----------不能重复爬取
MainThread-------http://www.dy2018.com/3/index.html-----------不能重复爬取
MainThread-------http://www.dy2018.com/1/index.html-----------不能重复爬取
MainThread-------http://www.dy2018.com/4/index.html-----------不能重复爬取
MainThread-------http://www.dy2018.com/8/index.html-----------不能重复爬取
MainThread-------http://www.dy2018.com/5/index.html-----------不能重复爬取
MainThread-------http://www.dy2018.com/7/index.html-----------不能重复爬取
MainThread-------http://www.dy2018.com/14/index.html-----------不能重复爬取
MainThread-------http://www.dy2018.com/15/index.html-----------不能重复爬取
MainThread-------http://www.dy2018.com/html/tv/hytv/index.html-----------不能重复爬取
MainThread-------http://www.dy2018.com/html/tv/oumeitv/index.html-----------不能重复爬取
MainThread-------http://www.dy2018.com/html/tv/rihantv/index.html-----------不能重复爬取
MainThread-------http://www.dy2018.com/html/zongyi2013/index.html-----------不能重复爬取
MainThread-------http://www.dy2018.com/html/dongman/index.html-----------不能重复爬取
MainThread-------http://www.dy2018.com/support/GuestBook.php-----------不能重复爬取
MainThread-------http://www.dy2018.comindex.html-----------不能重复爬取
MainThread-------http://www.dy2018.com/0/index.html-----------不能重复爬取
MainThread-------http://www.dy2018.com/1/index.html-----------不能重复爬取
MainThread-------http://www.dy2018.com/2/index.html-----------不能重复爬取
MainThread-------http://www.dy2018.com/3/index.html-----------不能重复爬取
MainThread-------http://www.dy2018.com/4/index.html-----------不能重复爬取
MainThread-------http://www.dy2018.com/5/index.html-----------不能重复爬取
MainThread-------http://www.dy2018.com/6/index.html-----------不能重复爬取
MainThread-------http://www.dy2018.com/7/index.html-----------不能重复爬取
MainThread-------http://www.dy2018.com/8/index.html-----------不能重复爬取
MainThread-------http://www.dy2018.com/9/index.html-----------不能重复爬取
MainThread-------http://www.dy2018.com/11/index.html-----------不能重复爬取
MainThread-------http://www.dy2018.com/12/index.html-----------不能重复爬取
MainThread-------http://www.dy2018.com/13/index.html-----------不能重复爬取
MainThread-------http://www.dy2018.com/14/index.html-----------不能重复爬取
MainThread-------http://www.dy2018.com/15/index.html-----------不能重复爬取
MainThread-------http://www.dy2018.com/16/index.html-----------不能重复爬取
MainThread-------http://www.dy2018.com/17/index.html-----------不能重复爬取
MainThread-------http://www.dy2018.com/18/index.html-----------不能重复爬取
MainThread-------http://www.dy2018.com/19/index.html-----------不能重复爬取
MainThread-------http://www.dy2018.com/20/index.html-----------不能重复爬取
MainThread-------http://www.dy2018.com/i/98191.html-----------不能重复爬取
MainThread-------http://www.dy2018.com/i/97979.html-----------不能重复爬取
MainThread-------http://www.dy2018.com/i/98186.html-----------不能重复爬取
MainThread-------http://www.dy2018.com/i/98184.html-----------不能重复爬取
MainThread-------http://www.dy2018.com/i/98178.html-----------不能重复爬取
MainThread-------http://www.dy2018.com/i/98176.html-----------不能重复爬取
MainThread-------http://www.dy2018.com/i/98171.html-----------不能重复爬取
MainThread-------http://www.dy2018.com/i/98167.html-----------不能重复爬取
MainThread-------http://www.dy2018.com/i/98166.html-----------不能重复爬取
MainThread-------http://www.dy2018.com/i/98165.html-----------不能重复爬取
MainThread-------http://www.dy2018.com/i/98084.html-----------不能重复爬取
MainThread-------http://www.dy2018.com/i/98162.html-----------不能重复爬取
MainThread-------http://www.dy2018.com/i/98158.html-----------不能重复爬取
MainThread-------http://www.dy2018.com/i/98157.html-----------不能重复爬取
MainThread-------http://www.dy2018.com/i/98119.html-----------不能重复爬取
MainThread-------http://www.dy2018.com/i/97059.html-----------不能重复爬取
MainThread-------http://www.dy2018.com/i/97099.html-----------不能重复爬取
MainThread-------http://www.dy2018.com/i/97086.html-----------不能重复爬取
MainThread-------http://www.dy2018.com/i/97109.html-----------不能重复爬取
MainThread-------http://www.dy2018.com/i/97041.html-----------不能重复爬取
MainThread-------http://www.dy2018.com/i/97091.html-----------不能重复爬取
MainThread-------http://www.dy2018.com/i/97098.html-----------不能重复爬取
MainThread-------http://www.dy2018.com/i/97096.html-----------不能重复爬取
MainThread-------http://www.dy2018.com/i/97073.html-----------不能重复爬取
MainThread-------http://www.dy2018.com/i/97027.html-----------不能重复爬取
MainThread-------http://www.dy2018.com/i/96911.html-----------不能重复爬取
MainThread-------http://www.dy2018.com/i/96902.html-----------不能重复爬取
MainThread-------http://www.dy2018.com/i/96899.html-----------不能重复爬取
MainThread-------http://www.dy2018.com/i/96859.html-----------不能重复爬取
MainThread-------http://www.dy2018.com/i/96777.html-----------不能重复爬取
MainThread-----foreach-----爬取程序错误'ascii' codec can't encode characters in position 97-100: ordinal not in range(128)
MainThread-------http://www.dy2018.com/html/gndy/jddy/index.html-----------不能重复爬取
MainThread-------http://www.dy2018.com/html/gndy/jddy/index.html-----------不能重复爬取
MainThread-------http://www.dy2018.com/html/gndy/jddy/index.html-----------不能重复爬取
MainThread-------http://www.dy2018.com/html/gndy/jddy/index.html-----------不能重复爬取
MainThread-------http://www.dy2018.com/html/gndy/jddy/index.html-----------不能重复爬取
MainThread-------http://www.dy2018.com/html/gndy/jddy/index.html-----------不能重复爬取
MainThread-------http://www.dy2018.com/html/gndy/jddy/index.html-----------不能重复爬取
MainThread-------http://www.dy2018.com/html/gndy/jddy/index.html-----------不能重复爬取
MainThread-------http://www.dy2018.com/html/gndy/jddy/index.html-----------不能重复爬取
MainThread-------http://www.dy2018.com/html/gndy/jddy/index.html-----------不能重复爬取
MainThread-------http://www.dy2018.com/i/98150.html-----------不能重复爬取
MainThread-------http://www.dy2018.com/html/gndy/jddy/index.html-----------不能重复爬取
MainThread-------http://www.dy2018.com/html/gndy/dyzz/index.html-----------不能重复爬取
MainThread-------http://www.dy2018.com/i/98084.html-----------不能重复爬取
MainThread-------http://www.dy2018.com/html/gndy/jddy/index.html-----------不能重复爬取
MainThread-------http://www.dy2018.com/i/98161.html-----------不能重复爬取
MainThread-------http://www.dy2018.com/html/gndy/jddy/index.html-----------不能重复爬取
MainThread-------http://www.dy2018.com/html/gndy/dyzz/index.html-----------不能重复爬取
MainThread-------http://www.dy2018.com/i/98147.html-----------不能重复爬取
MainThread-------http://www.dy2018.com/html/gndy/jddy/index.html-----------不能重复爬取
MainThread-------http://www.dy2018.com/html/gndy/dyzz/index.html-----------不能重复爬取
MainThread-------http://www.dy2018.com/i/98143.html-----------不能重复爬取
MainThread-------http://www.dy2018.com/html/gndy/jddy/index.html-----------不能重复爬取
MainThread-------http://www.dy2018.com/i/98141.html-----------不能重复爬取
MainThread-------http://www.dy2018.com/html/gndy/jddy/index.html-----------不能重复爬取
MainThread-------http://www.dy2018.com/html/gndy/dyzz/index.html-----------不能重复爬取
MainThread-------http://www.dy2018.com/i/98028.html-----------不能重复爬取
MainThread-------http://www.dy2018.com/html/gndy/jddy/index.html-----------不能重复爬取
MainThread-------http://www.dy2018.com/html/gndy/jddy/index.html-----------不能重复爬取
MainThread-------http://www.dy2018.com/html/gndy/jddy/index.html-----------不能重复爬取
MainThread-------http://www.dy2018.com/html/gndy/jddy/index.html-----------不能重复爬取
MainThread-------http://www.dy2018.com/html/gndy/jddy/index.html-----------不能重复爬取
MainThread-------http://www.dy2018.com/html/gndy/jddy/index.html-----------不能重复爬取
MainThread-------http://www.dy2018.com/html/gndy/jddy/index.html-----------不能重复爬取
MainThread-------http://www.dy2018.com/i/98113.html-----------不能重复爬取
MainThread-------http://www.dy2018.com/html/gndy/jddy/index.html-----------不能重复爬取
MainThread-------http://www.dy2018.com/html/gndy/jddy/index.html-----------不能重复爬取
MainThread-------http://www.dy2018.com/i/98110.html-----------不能重复爬取
MainThread-------http://www.dy2018.com/html/gndy/jddy/index.html-----------不能重复爬取
MainThread-------http://www.dy2018.com/i/98103.html-----------不能重复爬取
MainThread-------http://www.dy2018.com/2/index.html-----------不能重复爬取
MainThread-------http://www.dy2018.com/0/index.html-----------不能重复爬取
MainThread-------http://www.dy2018.com/3/index.html-----------不能重复爬取
MainThread-------http://www.dy2018.com/1/index.html-----------不能重复爬取
MainThread-------http://www.dy2018.com/4/index.html-----------不能重复爬取
MainThread-------http://www.dy2018.com/8/index.html-----------不能重复爬取
MainThread-------http://www.dy2018.com/5/index.html-----------不能重复爬取
MainThread-------http://www.dy2018.com/7/index.html-----------不能重复爬取
MainThread-------http://www.dy2018.com/14/index.html-----------不能重复爬取
MainThread-------http://www.dy2018.com/15/index.html-----------不能重复爬取
MainThread-------http://www.dy2018.com/html/tv/hytv/index.html-----------不能重复爬取
MainThread-------http://www.dy2018.com/html/tv/oumeitv/index.html-----------不能重复爬取
MainThread-------http://www.dy2018.com/html/tv/rihantv/index.html-----------不能重复爬取
MainThread-------http://www.dy2018.com/html/zongyi2013/index.html-----------不能重复爬取
MainThread-------http://www.dy2018.com/html/dongman/index.html-----------不能重复爬取
MainThread-------http://www.dy2018.com/support/GuestBook.php-----------不能重复爬取
MainThread-------http://www.dy2018.comindex.html-----------不能重复爬取
MainThread-------http://www.dy2018.com/0/index.html-----------不能重复爬取
MainThread-------http://www.dy2018.com/1/index.html-----------不能重复爬取
MainThread-------http://www.dy2018.com/2/index.html-----------不能重复爬取
MainThread-------http://www.dy2018.com/3/index.html-----------不能重复爬取
MainThread-------http://www.dy2018.com/4/index.html-----------不能重复爬取
MainThread-------http://www.dy2018.com/5/index.html-----------不能重复爬取
MainThread-------http://www.dy2018.com/6/index.html-----------不能重复爬取
MainThread-------http://www.dy2018.com/7/index.html-----------不能重复爬取
MainThread-------http://www.dy2018.com/8/index.html-----------不能重复爬取
MainThread-------http://www.dy2018.com/9/index.html-----------不能重复爬取
MainThread-------http://www.dy2018.com/11/index.html-----------不能重复爬取
MainThread-------http://www.dy2018.com/12/index.html-----------不能重复爬取
MainThread-------http://www.dy2018.com/13/index.html-----------不能重复爬取
MainThread-------http://www.dy2018.com/14/index.html-----------不能重复爬取
MainThread-------http://www.dy2018.com/15/index.html-----------不能重复爬取
MainThread-------http://www.dy2018.com/16/index.html-----------不能重复爬取
MainThread-------http://www.dy2018.com/17/index.html-----------不能重复爬取
MainThread-------http://www.dy2018.com/18/index.html-----------不能重复爬取
MainThread-------http://www.dy2018.com/19/index.html-----------不能重复爬取
MainThread-------http://www.dy2018.com/20/index.html-----------不能重复爬取
MainThread-------http://www.dy2018.com/i/98191.html-----------不能重复爬取
MainThread-------http://www.dy2018.com/i/97979.html-----------不能重复爬取
MainThread-------http://www.dy2018.com/i/98186.html-----------不能重复爬取
MainThread-------http://www.dy2018.com/i/98184.html-----------不能重复爬取
MainThread-------http://www.dy2018.com/i/98178.html-----------不能重复爬取
MainThread-------http://www.dy2018.com/i/98176.html-----------不能重复爬取
MainThread-------http://www.dy2018.com/i/98171.html-----------不能重复爬取
MainThread-------http://www.dy2018.com/i/98167.html-----------不能重复爬取
MainThread-------http://www.dy2018.com/i/98166.html-----------不能重复爬取
MainThread-------http://www.dy2018.com/i/98165.html-----------不能重复爬取
MainThread-------http://www.dy2018.com/i/98084.html-----------不能重复爬取
MainThread-------http://www.dy2018.com/i/98162.html-----------不能重复爬取
MainThread-------http://www.dy2018.com/i/98158.html-----------不能重复爬取
MainThread-------http://www.dy2018.com/i/98157.html-----------不能重复爬取
MainThread-------http://www.dy2018.com/i/98119.html-----------不能重复爬取
MainThread-------http://www.dy2018.com/i/97059.html-----------不能重复爬取
MainThread-------http://www.dy2018.com/i/97099.html-----------不能重复爬取
MainThread-------http://www.dy2018.com/i/97086.html-----------不能重复爬取
MainThread-------http://www.dy2018.com/i/97109.html-----------不能重复爬取
MainThread-------http://www.dy2018.com/i/97041.html-----------不能重复爬取
MainThread-------http://www.dy2018.com/i/97091.html-----------不能重复爬取
MainThread-------http://www.dy2018.com/i/97098.html-----------不能重复爬取
MainThread-------http://www.dy2018.com/i/97096.html-----------不能重复爬取
MainThread-------http://www.dy2018.com/i/97073.html-----------不能重复爬取
MainThread-------http://www.dy2018.com/i/97027.html-----------不能重复爬取
MainThread-------http://www.dy2018.com/i/96911.html-----------不能重复爬取
MainThread-------http://www.dy2018.com/i/96902.html-----------不能重复爬取
MainThread-------http://www.dy2018.com/i/96899.html-----------不能重复爬取
MainThread-------http://www.dy2018.com/i/96859.html-----------不能重复爬取
MainThread-------http://www.dy2018.com/i/96777.html-----------不能重复爬取
MainThread-----foreach-----爬取程序错误'ascii' codec can't encode characters in position 97-100: ordinal not in range(128)
MainThread-------http://www.dy2018.com/html/gndy/jddy/index.html-----------不能重复爬取
MainThread-------http://www.dy2018.com/i/98193.html-----------不能重复爬取
MainThread-------http://www.dy2018.com/html/gndy/jddy/index.html-----------不能重复爬取
MainThread-------http://www.dy2018.com/html/gndy/dyzz/index.html-----------不能重复爬取
MainThread-------http://www.dy2018.com/i/98184.html-----------不能重复爬取
MainThread-------http://www.dy2018.com/html/gndy/jddy/index.html-----------不能重复爬取
MainThread-------http://www.dy2018.com/i/98173.html-----------不能重复爬取
MainThread-------http://www.dy2018.com/html/gndy/jddy/index.html-----------不能重复爬取
MainThread-------http://www.dy2018.com/html/gndy/jddy/index.html-----------不能重复爬取
MainThread-------http://www.dy2018.com/html/gndy/jddy/index.html-----------不能重复爬取
MainThread-------http://www.dy2018.com/i/98139.html-----------不能重复爬取
MainThread-------http://www.dy2018.com/html/gndy/jddy/index.html-----------不能重复爬取
MainThread-------http://www.dy2018.com/html/gndy/jddy/index.html-----------不能重复爬取
