http://www.dy2018.com/index.html---------电影天堂_电影下载_高清首发
http://www.dy2018.com/0/---------剧情片_电影天堂_dy2018.com
http://www.dy2018.com/1/---------喜剧片_电影天堂_dy2018.com
http://www.dy2018.com/14/---------战争片_电影天堂_dy2018.com
http://www.dy2018.com/15/---------犯罪片_电影天堂_dy2018.com
http://www.dy2018.com/html/zongyi2013/index.html---------综艺节目2013_电影天堂-迅雷电影下载
http://www.dy2018.com/11/---------音乐歌舞题材电影_电影天堂_dy2018.com
http://www.dy2018.com/12/---------传记片_电影天堂_dy2018.com
http://www.dy2018.com/13/---------历史片_电影天堂_dy2018.com
http://www.dy2018.com/16/---------奇幻电影_电影天堂_dy2018.com
http://www.dy2018.com/17/---------冒险电影_电影天堂_dy2018.com
http://www.dy2018.com/18/---------灾难片_电影天堂_dy2018.com
http://www.dy2018.com/19/---------武侠片_电影天堂_dy2018.com
http://www.dy2018.com/20/---------古装片_电影天堂_dy2018.com
http://www.dy2018.com/i/98191.html---------七月经典香港7.2分喜剧片《逃学威龙2》BD国粤双语中字迅雷下载_电影天堂
http://www.dy2018.com/i/98186.html---------七月经典香港7.5分喜剧片《逃学威龙》BD国粤双语中字迅雷下载_电影天堂
http://www.dy2018.com/i/98184.html---------2017年国产6.1分爱情片《吃吃的爱》HD高清国语中英双字迅雷下载_电影天堂
http://www.dy2018.com/i/98178.html---------2017年美国动作片《新木乃伊》BD中英双字迅雷下载_电影天堂
http://www.dy2018.com/i/98176.html---------七月经典香港动作片《夺帅》BD国粤双语中字迅雷下载_电影天堂
http://www.dy2018.com/i/98171.html---------七月经典国产7.2分动作片《新警察故事》BD国粤双语中字迅雷下载_电影天堂
http://www.dy2018.com/i/98167.html---------2016年日本7.1分喜剧片《我的叔叔》HD日语中字迅雷下载_电影天堂
http://www.dy2018.com/i/98166.html---------2016年韩国6.5分动作片《金融决战》BD韩语中字迅雷下载_电影天堂
http://www.dy2018.com/i/98165.html---------七月经典香港7.2分动作片《警察故事4：简单任务》BD国粤双语中字迅雷下载_电影天堂
http://www.dy2018.com/i/98084.html---------2016年印度9.2分动作片《摔跤吧！爸爸》国印双语中字迅雷下载_电影天堂
http://www.dy2018.com/i/98162.html---------七月经典香港7.3分动作片《警察故事3：超级警察》BD国粤双语中字迅雷下载_电影天堂
http://www.dy2018.com/i/98158.html---------七月经典香港7.2分动作片《警察故事续集》BD国粤双语中字迅雷下载_电影天堂
http://www.dy2018.com/i/98157.html--------- 2017年美国7.4分科幻片《异形：契约》BD中英双字迅雷下载_电影天堂
http://www.dy2018.com/i/98119.html---------2017年美国6.5分动画片《蓝精灵：寻找神秘村》BD国英双语双字迅雷下载_电影天堂
http://www.dy2018.com/i/97059.html---------2016年大陆国产剧《追击者》连载至32迅雷下载_电影天堂
http://www.dy2018.com/i/97099.html---------2016年大陆国产剧《秀丽江山之长歌行》连载至41迅雷下载_电影天堂
http://www.dy2018.com/i/97086.html---------2016年大陆国产剧《神犬小七2》连载至20160820迅雷下载_电影天堂
http://www.dy2018.com/i/97109.html---------2016年大陆国产剧《幻城》全集迅雷下载_电影天堂
http://www.dy2018.com/i/97041.html---------2016年大陆国产剧《老九门》连载至48迅雷下载_电影天堂
http://www.dy2018.com/i/97091.html---------2016年美国欧美剧《权欲第三季》连载至10迅雷下载_电影天堂
http://www.dy2018.com/i/97098.html---------2016年大陆国产剧《九州天空城》连载至8迅雷下载_电影天堂
http://www.dy2018.com/i/97096.html---------2016年大陆国产剧《旋风少女2》连载至35迅雷下载_电影天堂
http://www.dy2018.com/i/97073.html---------2016年大陆国产剧《怒江之战》连载至44迅雷下载_电影天堂
http://www.dy2018.com/i/97027.html---------2016年大陆国产剧《半妖倾城》连载至20迅雷下载_电影天堂
http://www.dy2018.com/i/96911.html---------2016年韩国日韩剧《好运罗曼史》连载至16迅雷下载_电影天堂
http://www.dy2018.com/i/96902.html---------2016年大陆国产剧《亲爱的翻译官》连载至44+精典特辑迅雷下载_电影天堂
http://www.dy2018.com/i/98193.html---------2017年国产爱情片《爱爱囧事2》HD高清国语中字迅雷下载_电影天堂
http://www.dy2018.com/i/98189.html---------2017年新加坡喜剧片《遇见贵人》HD高清中字迅雷下载_电影天堂
http://www.dy2018.com/i/98188.html---------2017年台湾喜剧片《大钓哥》HD国语中字迅雷下载_电影天堂
http://www.dy2018.com/i/98024.html---------2017年美国7.6分动画片《宝贝老板》BD中字BD国粤英三语中字迅雷下载_电影天堂
http://www.dy2018.com/i/98181.html---------2017年美国7.5分喜剧片《新三个老枪手》BD中英双字迅雷下载_电影天堂
http://www.dy2018.com/i/98179.html---------2017年国产7.3分喜剧片《美好的意外》HD高清国语中英双字迅雷下载_电影天堂
http://www.dy2018.com/i/98164.html---------2017年国产喜剧片《临时演员》HD高清国语中英双字迅雷下载_电影天堂
http://www.dy2018.com/i/98147.html---------2017年国产喜剧片《麻烦家族》HD高清国语中英双字迅雷下载_电影天堂
http://www.dy2018.com/i/98135.html---------2017年国产6.5分恐怖片《救僵清道夫》BD国粤双语中字迅雷下载_电影天堂
http://www.dy2018.com/i/98134.html---------2016年欧美7.2分喜剧片《橄榄树》BD中字迅雷下载_电影天堂
http://www.dy2018.com/i/98127.html---------2017年国产喜剧片《不期而遇》HD国语中英双字迅雷下载_电影天堂
http://www.dy2018.com/i/98121.html---------2017年美国6.9分喜剧片《最后的话》BD中字迅雷下载_电影天堂
http://www.dy2018.com/i/98118.html---------2017年美国6.1分动作片《重装上阵》BD中英双字迅雷下载_电影天堂
http://www.dy2018.com/i/98115.html---------2016年日本6.4分喜剧片《鼹鼠之歌2：香港狂骚曲》BD日语中字迅雷下载_电影天堂
http://www.dy2018.com/i/98114.html---------2016年欧美7.8分喜剧片《森特与世界的尽头》HD高清中字迅雷下载_电影天堂
http://www.dy2018.com/i/98103.html---------2016年美国6.6分喜剧片《加州公路巡警》BD中英双字迅雷下载_电影天堂
http://www.dy2018.com/i/98094.html---------2017年美国喜剧片《威尔逊》BD中英双字迅雷下载_电影天堂
http://www.dy2018.com/i/98093.html---------2017年国产7.5分喜剧片《春娇救志明》BD国粤双语中字迅雷下载_电影天堂
http://www.dy2018.com/i/98089.html---------2017年国产喜剧片《咸鱼传奇》HD高清国语中英双字迅雷下载_电影天堂
http://www.dy2018.com/i/98082.html---------2016年美国6.0分喜剧片《先发制人》BD中英双字迅雷下载_电影天堂
http://www.dy2018.com/i/98076.html---------2016年日本恐怖片《喔我的僵尸》BD日语中字迅雷下载_电影天堂
http://www.dy2018.com/i/98016.html---------2017年美国喜剧片《婚宴桌牌19号》BD中英双字迅雷下载_电影天堂
http://www.dy2018.com/i/98069.html---------2016年美国7.4分喜剧片《贝拉的奇幻花园》HD高清中字迅雷下载_电影天堂
http://www.dy2018.com/i/98065.html---------2017年国产7.2分爱情片《喜欢你》HD高清国语中英双字迅雷下载_电影天堂
http://www.dy2018.com/i/98063.html---------2017年国产喜剧片《超级大山炮之夺宝奇兵》HD高清国语中字迅雷下载_电影天堂
http://www.dy2018.com/1/index_2.html---------喜剧片_电影天堂_dy2018.com
http://www.dy2018.com/1/index_116.html---------喜剧片_电影天堂_dy2018.com
http://www.dy2018.com/i/98190.html---------2017年日本剧情片《天才麻将少女》BD日语中字迅雷下载_电影天堂
ftp://y:y@dygod18.com:15132/[电影天堂www.dy2018.com]天才麻将少女BD日语中字.rmvb
http://www.dy2018.com/i/98187.html---------2016年欧美7.8分剧情片《诺曼》BD中字迅雷下载_电影天堂
http://www.dy2018.com/i/98183.html---------2017年国产恐怖片《碟仙之毕业照》HD高清国语中英双字迅雷下载_电影天堂
http://www.dy2018.com/i/98182.html---------2017年欧美6.3分悬疑片《微光湖》BD中字迅雷下载_电影天堂
http://www.dy2018.com/i/95308.html---------2015年韩国剧情古装片《奸臣》BD韩语中字迅雷下载_电影天堂
http://www.dy2018.com/i/97813.html---------2017年美国动作片《极限特工3》BD国英双语中英双字迅雷下载_电影天堂
http://www.dy2018.com/html/gndy/jddy/20090729/20627.html---------1024分辨率《独立日》BD中英双字迅雷下载_电影天堂
http://www.dy2018.com/i/91984.html---------2013年国产擦边剧情片《海天盛宴·韦口》BD中字迅雷下载_电影天堂
http://www.dy2018.com/i/95062.html---------2015年英国科幻惊悚片《怪兽：黑暗大陆》BD中英双字迅雷下载_电影天堂
http://www.dy2018.com/i/98173.html---------2017年国产5.6分爱情片《六人晚餐》HD高清国语中字迅雷下载_电影天堂
ftp://d:d@dygodj8.com:12311/[电影天堂www.dy2018.com]六人晚餐HD高清国语中字.mkv
http://www.dy2018.com/i/98172.html---------2017年日本6.2分喜剧片《伤痕累累的恶魔》BD日语中字迅雷下载_电影天堂
http://www.dy2018.com/i/98170.html---------2017年韩国6.5分动作片《叛狱无间》HD韩语中字迅雷下载_电影天堂
http://www.dy2018.com/i/98169.html---------2016年韩国剧情片《两个男人》HD韩语中字迅雷下载_电影天堂
http://www.dy2018.com/i/98168.html---------2016年欧美6.7分剧情片《海星》HD高清中字迅雷下载_电影天堂
http://www.dy2018.com/i/98150.html---------2017年国产动作片《毒诫》HD国粤双语中字BD国粤双语中字迅雷下载_电影天堂
http://www.dy2018.com/i/98163.html---------2017年欧美剧情片《圆圈》HD韩版高清中英双字迅雷下载_电影天堂
http://www.dy2018.com/i/98161.html---------2016年香港7.5分剧情片《29+1》BD国粤双语中字迅雷下载_电影天堂
http://www.dy2018.com/i/98156.html---------2017年欧美惊悚片《绝命时钟2.22》BD中英双字迅雷下载_电影天堂
http://www.dy2018.com/i/98148.html---------2017年日本6.8分剧情片《破门：两个疫病神》BD日语中字迅雷下载_电影天堂
ftp://y:y@dygod18.com:15132/[电影天堂www.dy2018.com]破门：两个疫病神BD日语中字.rmvb
http://www.dy2018.com/i/98145.html---------2017年国产惊悚片《惊门》HD高清国语中英双字迅雷下载_电影天堂
http://www.dy2018.com/i/98144.html---------2017年欧美6.7分科幻片《玉子》BD中英双字迅雷下载_电影天堂
http://www.dy2018.com/i/98141.html---------2016年美国6.7分动作片《迷失Z城》BD中英双字迅雷下载_电影天堂
http://www.dy2018.com/i/98139.html---------2016年香港6.3分喜剧片《此情此刻》BD国粤双语中字迅雷下载_电影天堂
http://www.dy2018.com/i/98138.html---------2016年美国惊悚片《破碎我心》BD中英双字迅雷下载_电影天堂
http://www.dy2018.com/i/98136.html---------2016年美国6.4爱情片《劣质爱情》BD中英双字迅雷下载_电影天堂
http://www.dy2018.com/i/98131.html---------2017年国产恐怖片《碟仙前传》HD高清国语中英双字迅雷下载_电影天堂
http://www.dy2018.com/i/98143.html---------2015年国产7.8分剧情片《冈仁波齐》HD高清国语中字迅雷下载_电影天堂
ftp://d:d@dygodj8.com:12311/[电影天堂www.dy2018.com]冈仁波齐HD高清国语中字.mkv
ftp://d:d@dygodj8.com:12311/[电影天堂www.dy2018.com]冈仁波齐DVD中字.mkv
http://www.dy2018.com/i/98240.html---------2017年国产6.1分动作片《逆时营救》HD高清国语中英双字迅雷下载_电影天堂
http://www.dy2018.com/i/98142.html---------2017年美国7.4分动作片《亚瑟王：斗兽争霸》BD中英双字迅雷下载_电影天堂
http://www.dy2018.com/i/94980.html---------2015年美国8分动作片《王牌特工:特工学院》BD国英双语双字迅雷下载_电影天堂
http://www.dy2018.com/i/97291.html---------2016年美国7分动作片《机械师2：复活》BD中英双字迅雷下载_电影天堂
http://www.dy2018.com/i/95214.html---------2015年美国8.4分动作片《疯狂的麦克斯4：狂暴之路》BD中英双字迅雷下载_电影天堂
http://www.dy2018.com/i/97211.html---------2016年美国7.3分动作片《谍影重重5》国英双语中英双字迅雷下载_电影天堂
http://www.dy2018.com/i/97176.html---------2016年香港郭富城梁家辉剧情片《寒战2》HD国粤双语双字迅雷下载_电影天堂
http://www.dy2018.com/i/97094.html--------- 2016年美国7.4分科幻动作片《X战警：天启》BD特效中英双字迅雷下载_电影天堂
http://www.dy2018.com/i/98028.html---------2017年国产6.6分动作片《非凡任务》BD国语中字迅雷下载_电影天堂
ftp://y:y@dygod18.com:15132/[电影天堂www.dy2018.com]非凡任务BD国语中字.rmvb
ftp://y:y@dygod18.com:15132/[电影天堂www.dy2018.com]非凡任务HD高清国语中字.mkv
http://www.dy2018.com/i/98133.html---------2017年国产6.8分动作片《拆弹专家》HD高清国语中英双字迅雷下载_电影天堂
http://www.dy2018.com/i/97901.html---------2017年美国6.8分动作片《金刚：骷髅岛》BD国英双语中英双字迅雷下载_电影天堂
http://www.dy2018.com/i/98112.html---------2017年国产6.5分犯罪片《嫌疑人X的献身》HD高清国语中英双字迅雷下载_电影天堂
http://www.dy2018.com/i/98102.html---------2017年欧美6.7分动作片《超凡战队》BD中英双字迅雷下载_电影天堂
http://www.dy2018.com/i/98086.html---------2016年韩国7.2分动作片《阿修罗》BD韩语中字迅雷下载_电影天堂
http://www.dy2018.com/i/98064.html---------2017年美国6.6分科幻片《异星觉醒》BD中英双字迅雷下载_电影天堂
http://www.dy2018.com/i/98130.html---------2016年日本7.5分剧情片《明日的我与昨日的你约会》BD日语中字迅雷下载_电影天堂
ftp://y:y@dygod18.com:15132/[电影天堂www.dy2018.com]明日的我与昨日的你约会BD日语中字.rmvb
http://www.dy2018.com/i/98128.html---------2017年国产动作片《逆路》HD国语中英双字迅雷下载_电影天堂
http://www.dy2018.com/i/98125.html---------2017年日本7.5分动作片《生化危机：复仇》BD中英双字迅雷下载_电影天堂
http://www.dy2018.com/i/98124.html---------2016年欧美6.5分剧情片《联合王国》BD中字迅雷下载_电影天堂
http://www.dy2018.com/i/98120.html---------2017年欧美6.8分剧情片《动物园长的夫人》BD中字迅雷下载_电影天堂
http://www.dy2018.com/i/98117.html---------2017年美国6.3分剧情片《歌声不绝》BD中英双字迅雷下载_电影天堂
http://www.dy2018.com/i/98113.html---------2016年澳大利亚6.0分动作片《本·霍尔传奇》BD中英双字迅雷下载_电影天堂
ftp://y:y@dygod18.com:15132/[电影天堂www.dy2018.com]本·霍尔传奇BD中英双字.rmvb
http://www.dy2018.com/i/98111.html---------2016年国产剧情片《漂洋过海来爱你》HD高清国语中英双字迅雷下载_电影天堂
http://www.dy2018.com/i/98110.html---------2016年欧美6.3分动作片《走火交易》BD中英双字迅雷下载_电影天堂
http://www.dy2018.com/i/98109.html---------2017年印度科幻片《纸上谋杀》HD高清中字迅雷下载_电影天堂
http://www.dy2018.com/i/98101.html---------2017年国产6.0分动作片《血狼犬》BD国语中字迅雷下载_电影天堂
http://www.dy2018.com/i/98099.html---------2017年国产动作片《抢红》HD高清国语中字迅雷下载_电影天堂
http://www.dy2018.com/i/98095.html---------2016年日本6.9分剧情片《古都》BD日语中字迅雷下载_电影天堂
http://www.dy2018.com/i/98091.html---------2016年美国6.1分剧情片《完全陌生》HD高清中字迅雷下载_电影天堂
http://www.dy2018.com/0/index_2.html---------剧情片_电影天堂_dy2018.com
http://www.dy2018.com/i/97718.html---------2016年台湾剧情片《一万公里的约定》BD国语中字迅雷下载_电影天堂
http://www.dy2018.com/i/98085.html---------2016年欧美6.1分动作片《斗牛犬之女》BD中英双字迅雷下载_电影天堂
http://www.dy2018.com/i/98081.html---------2017年印度7.9分剧情片《加齐号的攻击》BD中字迅雷下载_电影天堂
http://www.dy2018.com/i/98078.html---------2016年欧美6.6分战争片《例外》BD中英双字迅雷下载_电影天堂
http://www.dy2018.com/i/98071.html---------2016年欧美7.3分剧情片《跆拳道》BD中英双字迅雷下载_电影天堂
http://www.dy2018.com/i/97940.html---------2017年美国7.7分喜剧片《一条狗的使命》BD国英双语中英双字迅雷下载_电影天堂
http://www.dy2018.com/i/98052.html---------2016年日本8.2分剧情片《深夜食堂电影版2》BD日语中字迅雷下载_电影天堂
http://www.dy2018.com/i/98050.html---------2016年欧美6.4分喜剧片《克罗索巨兽》BD中字迅雷下载_电影天堂
http://www.dy2018.com/i/98049.html---------2017年美国6.3分喜剧片《战争机器》BD中英双字迅雷下载_电影天堂
http://www.dy2018.com/i/98038.html---------2017年美国8.5分剧情片《猜火车2》BD中英双字迅雷下载_电影天堂
http://www.dy2018.com/i/98046.html---------2016年国产7.0分喜剧片《提着心吊着胆》HD高清国语中字迅雷下载_电影天堂
http://www.dy2018.com/i/98045.html---------2017年国产6.3分奇幻片《陋室》BD中英双字迅雷下载_电影天堂
http://www.dy2018.com/i/98044.html---------2016年欧美7.7分恐怖片《生吃》BD高清中字迅雷下载_电影天堂
http://www.dy2018.com/i/98042.html---------2017年美国8.1分剧情片《欺诈圣手》BD中英双字迅雷下载_电影天堂
http://www.dy2018.com/i/98036.html---------2017年国产悬疑片《神秘家族》HD高清国语中字迅雷下载_电影天堂
http://www.dy2018.com/i/98030.html---------2016年日本7.2分剧情片《何者》BD中英双字迅雷下载_电影天堂
http://www.dy2018.com/i/98027.html---------2016年欧美6.5分剧情片《监狱学警》BD中字迅雷下载_电影天堂
http://www.dy2018.com/0/index_174.html---------剧情片_电影天堂_dy2018.com
http://www.dy2018.com/i/98213.html---------2017年韩国6.7分动作片《共助》BD韩语中字迅雷下载_电影天堂
ftp://y:y@dygod18.com:15132/[电影天堂www.dy2018.com]共助BD韩语中字.rmvb
http://www.dy2018.com/i/98260.html---------2016年爱尔兰7.3分剧情片《帅气的恶魔》BD中英双字迅雷下载_电影天堂
ftp://y:y@dygod18.com:15132/[电影天堂www.dy2018.com]帅气的恶魔BD中英双字.rmvb
http://www.dy2018.com/i/98241.html---------2016年法国7.7分剧情片《修复生命》BD中字迅雷下载_电影天堂
ftp://y:y@dygod18.com:15132/[电影天堂www.dy2018.com]修复生命BD中字.rmvb
http://www.dy2018.com/i/98212.html---------七月经典香港8.1分动作片《监狱风云》BD国粤双语中字迅雷下载_电影天堂
ftp://j:j@g.dygod18.com:7978/监狱风云BD国粤双语中字[电影天堂www.dy2018.com].mkv
http://www.dy2018.com/i/98197.html---------七月经典香港7.0分喜剧片《逃学威龙3之龙过鸡年》BD国粤双语中字迅雷下载_电影天堂
ftp://j:j@g.dygod18.com:7978/逃学威龙3之龙过鸡年BD国粤双语中字[电影天堂www.dy2018.com].mkv
http://www.dy2018.com/i/98152.html---------七月经典香港7.6分动作片《警察故事》BD国粤双语中字迅雷下载_电影天堂
http://www.dy2018.com/i/95026.html---------十二月经典美国动作片《速度与激情1-7系列》BD双语双字典藏版迅雷下载_电影天堂
http://www.dy2018.com/html/gndy/jddyy/20090818/21033.html---------四月经典美国9.3分剧情犯罪片《肖申克的救赎》BD双语双字迅雷下载_电影天堂
http://www.dy2018.com/html/gndy/jddyy/20120820/39152.html---------十二月经典美国8.2分动作科幻片《复仇者联盟》BD双语双字修复版迅雷下载_电影天堂
http://www.dy2018.com/html/gndy/jddyy/20111031/34966.html---------六月经典美国动作科幻片《侏罗纪公园3》BD中英双字迅雷下载_电影天堂
http://www.dy2018.com/i/95067.html---------五月经典美国8.5分科幻冒险片《回到未来》BD国英双语双字迅雷下载_电影天堂
http://www.dy2018.com/html/gndy/jddyy/20090305/17313.html---------六月经典美国8.1分科幻冒险片《侏罗纪公园》BD国英双语双字迅雷下载_电影天堂
http://www.dy2018.com/html/gndy/jddyy/20090712/20266.html---------十二月经典美国动作犯罪片《速度与激情4》BD国英双语双字典藏版迅雷下载_电影天堂
http://www.dy2018.com/i/98199.html---------2017年香港港台剧《超时空男臣(国语)》连载至17迅雷下载_电影天堂
http://www.dy2018.com/webPlay/play-id-98199-collection-16.html---------2017年香港港台剧《超时空男臣(国语)》连载至17 - 在线播放
http://www.dy2018.com/webPlay/play-id-98199-collection-15.html---------2017年香港港台剧《超时空男臣(国语)》连载至17 - 在线播放
http://www.dy2018.com/webPlay/play-id-98199-collection-14.html---------2017年香港港台剧《超时空男臣(国语)》连载至17 - 在线播放
http://www.dy2018.com/webPlay/play-id-98199-collection-13.html---------2017年香港港台剧《超时空男臣(国语)》连载至17 - 在线播放
http://www.dy2018.com/webPlay/play-id-98199-collection-12.html---------2017年香港港台剧《超时空男臣(国语)》连载至17 - 在线播放
http://www.dy2018.com/webPlay/play-id-98199-collection-10.html---------2017年香港港台剧《超时空男臣(国语)》连载至17 - 在线播放
http://www.dy2018.com/webPlay/play-id-98199-collection-9.html---------2017年香港港台剧《超时空男臣(国语)》连载至17 - 在线播放
http://www.dy2018.com/webPlay/play-id-98199-collection-8.html---------2017年香港港台剧《超时空男臣(国语)》连载至17 - 在线播放
http://www.dy2018.com/webPlay/play-id-98199-collection-7.html---------2017年香港港台剧《超时空男臣(国语)》连载至17 - 在线播放
http://www.dy2018.com/webPlay/play-id-98199-collection-6.html---------2017年香港港台剧《超时空男臣(国语)》连载至17 - 在线播放
http://www.dy2018.com/webPlay/play-id-98199-collection-5.html---------2017年香港港台剧《超时空男臣(国语)》连载至17 - 在线播放
http://www.dy2018.com/webPlay/play-id-98199-collection-4.html---------2017年香港港台剧《超时空男臣(国语)》连载至17 - 在线播放
http://www.dy2018.com/webPlay/play-id-98199-collection-3.html---------2017年香港港台剧《超时空男臣(国语)》连载至17 - 在线播放
http://www.dy2018.com/webPlay/play-id-98199-collection-2.html---------2017年香港港台剧《超时空男臣(国语)》连载至17 - 在线播放
http://www.dy2018.com/webPlay/play-id-98199-collection-1.html---------2017年香港港台剧《超时空男臣(国语)》连载至17 - 在线播放
http://www.dy2018.com/webPlay/play-id-98199-collection-0.html---------2017年香港港台剧《超时空男臣(国语)》连载至17 - 在线播放
ftp://g:g@tv.dl1234.com:3100/超时空男臣国语18.mkv
ftp://g:g@tv.dl1234.com:3100/超时空男臣国语17.mkv
ftp://g:g@tv.dl1234.com:3100/超时空男臣国语16.mkv
ftp://g:g@tv.dl1234.com:3100/超时空男臣国语15.mkv
ftp://g:g@tv.dl1234.com:3100/超时空男臣国语14.mkv
ftp://g:g@tv.dl1234.com:3100/超时空男臣国语13.mkv
ftp://g:g@tv.dl1234.com:3100/超时空男臣国语12.mkv
ftp://g:g@tv.dl1234.com:3100/超时空男臣国语11.mkv
ftp://g:g@tv.dl1234.com:3100/超时空男臣国语10.mkv
ftp://g:g@tv.dl1234.com:3100/超时空男臣国语09.mkv
ftp://g:g@tv.dl1234.com:3100/超时空男臣国语08.mkv
ftp://g:g@tv.dl1234.com:3100/超时空男臣国语07.mkv
ftp://g:g@tv.dl1234.com:3100/超时空男臣国语06.mkv
ftp://g:g@tv.dl1234.com:3100/超时空男臣国语05.mkv
ftp://g:g@tv.dl1234.com:3100/超时空男臣国语04.mkv
ftp://g:g@tv.dl1234.com:3100/超时空男臣国语03.mkv
ftp://g:g@tv.dl1234.com:3100/超时空男臣国语02.mkv
ftp://g:g@tv.dl1234.com:3100/超时空男臣国语01.mkv
http://www.dy2018.com/i/98261.html---------2017年香港港台剧《同盟(粤语)》连载至4迅雷下载_电影天堂
http://www.dy2018.com/webPlay/play-id-98261-collection-3.html---------2017年香港港台剧《同盟(粤语)》连载至4 - 在线播放
http://www.dy2018.com/webPlay/play-id-98261-collection-2.html---------2017年香港港台剧《同盟(粤语)》连载至3 - 在线播放
http://www.dy2018.com/webPlay/play-id-98261-collection-1.html---------2017年香港港台剧《同盟(粤语)》连载至4 - 在线播放
http://www.dy2018.com/webPlay/play-id-98261-collection-0.html---------2017年香港港台剧《同盟(粤语)》连载至4 - 在线播放
ftp://g:g@tv.dl1234.com:3100/同盟粤语03.mkv
ftp://g:g@tv.dl1234.com:3100/同盟粤语02.mkv
ftp://g:g@tv.dl1234.com:3100/同盟粤语01.mkv
http://www.dy2018.com/i/98203.html---------2017年香港港台剧《玛嘉烈与大卫:前度》连载至17迅雷下载_电影天堂
http://www.dy2018.com/i/98201.html---------2017年香港港台剧《超时空男臣(粤语)》连载至19迅雷下载_电影天堂
http://www.dy2018.com/i/98185.html---------2017年大陆国产剧《醉玲珑》连载至18迅雷下载_电影天堂
http://www.dy2018.com/i/97129.html---------2016年大陆国产剧《诛仙青云志》全集迅雷下载_电影天堂
http://www.dy2018.com/i/92091.html---------2013都市爱情电视剧《咱们结婚吧》全50集[HDTV高清版]迅雷下载_电影天堂
http://www.dy2018.com/i/92020.html---------2013国产军旅剧《我是特种兵3之火凤凰》全62集迅雷下载_电影天堂
http://www.dy2018.com/i/92000.html---------2013年都市爱情电视剧《因为爱情有多美》全108集[HDTV高清版]迅雷下载_电影天堂
http://www.dy2018.com/i/95187.html---------2015网络季播剧《盗墓笔记 第一季》全12集[HDTV高清]迅雷下载_电影天堂
http://www.dy2018.com/i/95161.html---------2015古装玄幻仙侠剧《花千骨》全58集[HDTV高清]迅雷下载_电影天堂
http://www.dy2018.com/i/98097.html---------2017年大陆国产剧《上古情歌》连载至54迅雷下载_电影天堂
http://www.dy2018.com/webPlay/play-id-98097-collection-53.html---------2017年大陆国产剧《上古情歌》连载至54 - 在线播放
http://www.dy2018.com/webPlay/play-id-98097-collection-52.html---------2017年大陆国产剧《上古情歌》连载至54 - 在线播放
http://www.dy2018.com/webPlay/play-id-98097-collection-51.html---------2017年大陆国产剧《上古情歌》连载至54 - 在线播放
http://www.dy2018.com/webPlay/play-id-98097-collection-50.html---------2017年大陆国产剧《上古情歌》连载至54 - 在线播放
http://www.dy2018.com/webPlay/play-id-98097-collection-49.html---------2017年大陆国产剧《上古情歌》连载至54 - 在线播放
http://www.dy2018.com/webPlay/play-id-98097-collection-48.html---------2017年大陆国产剧《上古情歌》连载至54 - 在线播放
http://www.dy2018.com/webPlay/play-id-98097-collection-47.html---------2017年大陆国产剧《上古情歌》连载至54 - 在线播放
http://www.dy2018.com/webPlay/play-id-98097-collection-46.html---------2017年大陆国产剧《上古情歌》连载至54 - 在线播放
http://www.dy2018.com/webPlay/play-id-98097-collection-45.html---------2017年大陆国产剧《上古情歌》连载至54 - 在线播放
http://www.dy2018.com/webPlay/play-id-98097-collection-44.html---------2017年大陆国产剧《上古情歌》连载至54 - 在线播放
http://www.dy2018.com/webPlay/play-id-98097-collection-43.html---------2017年大陆国产剧《上古情歌》连载至54 - 在线播放
http://www.dy2018.com/webPlay/play-id-98097-collection-42.html---------2017年大陆国产剧《上古情歌》连载至54 - 在线播放
http://www.dy2018.com/webPlay/play-id-98097-collection-41.html---------2017年大陆国产剧《上古情歌》连载至54 - 在线播放
http://www.dy2018.com/webPlay/play-id-98097-collection-40.html---------2017年大陆国产剧《上古情歌》连载至54 - 在线播放
http://www.dy2018.com/webPlay/play-id-98097-collection-39.html---------2017年大陆国产剧《上古情歌》连载至54 - 在线播放
http://www.dy2018.com/webPlay/play-id-98097-collection-38.html---------2017年大陆国产剧《上古情歌》连载至54 - 在线播放
http://www.dy2018.com/webPlay/play-id-98097-collection-37.html---------2017年大陆国产剧《上古情歌》连载至54 - 在线播放
http://www.dy2018.com/webPlay/play-id-98097-collection-36.html---------2017年大陆国产剧《上古情歌》连载至54 - 在线播放
http://www.dy2018.com/webPlay/play-id-98097-collection-35.html---------2017年大陆国产剧《上古情歌》连载至54 - 在线播放
http://www.dy2018.com/webPlay/play-id-98097-collection-34.html---------2017年大陆国产剧《上古情歌》连载至54 - 在线播放
http://www.dy2018.com/webPlay/play-id-98097-collection-33.html---------2017年大陆国产剧《上古情歌》连载至54 - 在线播放
http://www.dy2018.com/webPlay/play-id-98097-collection-31.html---------2017年大陆国产剧《上古情歌》连载至54 - 在线播放
http://www.dy2018.com/webPlay/play-id-98097-collection-30.html---------2017年大陆国产剧《上古情歌》连载至54 - 在线播放
http://www.dy2018.com/webPlay/play-id-98097-collection-29.html---------2017年大陆国产剧《上古情歌》连载至54 - 在线播放
http://www.dy2018.com/webPlay/play-id-98097-collection-28.html---------2017年大陆国产剧《上古情歌》连载至54 - 在线播放
http://www.dy2018.com/webPlay/play-id-98097-collection-27.html---------2017年大陆国产剧《上古情歌》连载至54 - 在线播放
http://www.dy2018.com/webPlay/play-id-98097-collection-26.html---------2017年大陆国产剧《上古情歌》连载至54 - 在线播放
http://www.dy2018.com/webPlay/play-id-98097-collection-25.html---------2017年大陆国产剧《上古情歌》连载至54 - 在线播放
http://www.dy2018.com/webPlay/play-id-98097-collection-24.html---------2017年大陆国产剧《上古情歌》连载至54 - 在线播放
http://www.dy2018.com/webPlay/play-id-98097-collection-23.html---------2017年大陆国产剧《上古情歌》连载至54 - 在线播放
http://www.dy2018.com/webPlay/play-id-98097-collection-22.html---------2017年大陆国产剧《上古情歌》连载至54 - 在线播放
http://www.dy2018.com/webPlay/play-id-98097-collection-21.html---------2017年大陆国产剧《上古情歌》连载至54 - 在线播放
http://www.dy2018.com/webPlay/play-id-98097-collection-20.html---------2017年大陆国产剧《上古情歌》连载至54 - 在线播放
http://www.dy2018.com/webPlay/play-id-98097-collection-19.html---------2017年大陆国产剧《上古情歌》连载至54 - 在线播放
http://www.dy2018.com/webPlay/play-id-98097-collection-18.html---------2017年大陆国产剧《上古情歌》连载至54 - 在线播放
http://www.dy2018.com/webPlay/play-id-98097-collection-17.html---------2017年大陆国产剧《上古情歌》连载至54 - 在线播放
http://www.dy2018.com/webPlay/play-id-98097-collection-16.html---------2017年大陆国产剧《上古情歌》连载至54 - 在线播放
http://www.dy2018.com/webPlay/play-id-98097-collection-15.html---------2017年大陆国产剧《上古情歌》连载至54 - 在线播放
http://www.dy2018.com/webPlay/play-id-98097-collection-14.html---------2017年大陆国产剧《上古情歌》连载至54 - 在线播放
http://www.dy2018.com/webPlay/play-id-98097-collection-13.html---------2017年大陆国产剧《上古情歌》连载至54 - 在线播放
http://www.dy2018.com/webPlay/play-id-98097-collection-12.html---------2017年大陆国产剧《上古情歌》连载至54 - 在线播放
http://www.dy2018.com/webPlay/play-id-98097-collection-11.html---------2017年大陆国产剧《上古情歌》连载至54 - 在线播放
http://www.dy2018.com/webPlay/play-id-98097-collection-10.html---------2017年大陆国产剧《上古情歌》连载至54 - 在线播放
http://www.dy2018.com/webPlay/play-id-98097-collection-9.html---------2017年大陆国产剧《上古情歌》连载至54 - 在线播放
http://www.dy2018.com/webPlay/play-id-98097-collection-8.html---------2017年大陆国产剧《上古情歌》连载至54 - 在线播放
http://www.dy2018.com/webPlay/play-id-98097-collection-7.html---------2017年大陆国产剧《上古情歌》连载至54 - 在线播放
http://www.dy2018.com/webPlay/play-id-98097-collection-6.html---------2017年大陆国产剧《上古情歌》连载至54 - 在线播放
http://www.dy2018.com/webPlay/play-id-98097-collection-5.html---------2017年大陆国产剧《上古情歌》连载至54 - 在线播放
http://www.dy2018.com/webPlay/play-id-98097-collection-4.html---------2017年大陆国产剧《上古情歌》连载至54 - 在线播放
http://www.dy2018.com/webPlay/play-id-98097-collection-3.html---------2017年大陆国产剧《上古情歌》连载至54 - 在线播放
http://www.dy2018.com/webPlay/play-id-98097-collection-2.html---------2017年大陆国产剧《上古情歌》连载至54 - 在线播放
http://www.dy2018.com/webPlay/play-id-98097-collection-1.html---------2017年大陆国产剧《上古情歌》连载至54 - 在线播放
http://www.dy2018.com/webPlay/play-id-98097-collection-0.html---------2017年大陆国产剧《上古情歌》连载至54 - 在线播放
ftp://g:g@tv.dl1234.com:3100/上古情歌54.mp4
ftp://g:g@tv.dl1234.com:3100/上古情歌53.mp4
ftp://g:g@tv.dl1234.com:3100/上古情歌52.mp4
ftp://g:g@tv.dl1234.com:3100/上古情歌51.mp4
ftp://g:g@tv.dl1234.com:3100/上古情歌50.mp4
ftp://g:g@tv.dl1234.com:3100/上古情歌49.mp4
ftp://g:g@tv.dl1234.com:3100/上古情歌48.mp4
ftp://g:g@tv.dl1234.com:3100/上古情歌47.mp4
ftp://g:g@tv.dl1234.com:3100/上古情歌46.mp4
ftp://g:g@tv.dl1234.com:3100/上古情歌45.mp4
ftp://g:g@tv.dl1234.com:3100/上古情歌44.mp4
ftp://g:g@tv.dl1234.com:3100/上古情歌43.mp4
ftp://g:g@tv.dl1234.com:3100/上古情歌42.mp4
ftp://g:g@tv.dl1234.com:3100/上古情歌41.mp4
ftp://g:g@tv.dl1234.com:3100/上古情歌40.mp4
ftp://g:g@tv.dl1234.com:3100/上古情歌39.mp4
ftp://g:g@tv.dl1234.com:3100/上古情歌38.mp4
ftp://g:g@tv.dl1234.com:3100/上古情歌37.mp4
ftp://g:g@tv.dl1234.com:3100/上古情歌36.mp4
ftp://g:g@tv.dl1234.com:3100/上古情歌35.mp4
ftp://g:g@tv.dl1234.com:3100/上古情歌34.mp4
ftp://g:g@tv.dl1234.com:3100/上古情歌33.mp4
ftp://g:g@tv.dl1234.com:3100/上古情歌32.mp4
ftp://g:g@tv.dl1234.com:3100/上古情歌31.mp4
ftp://g:g@tv.dl1234.com:2121/上古情歌30.mp4
ftp://g:g@tv.dl1234.com:2121/上古情歌29.mp4
ftp://g:g@tv.dl1234.com:2121/上古情歌28.mp4
ftp://g:g@tv.dl1234.com:2121/上古情歌27.mp4
ftp://g:g@tv.dl1234.com:2121/上古情歌26.mp4
ftp://g:g@tv.dl1234.com:2121/上古情歌25.mp4
ftp://g:g@tv.dl1234.com:2121/上古情歌24.mp4
ftp://g:g@tv.dl1234.com:2121/上古情歌23.mp4
ftp://g:g@tv.dl1234.com:2121/上古情歌22.mp4
ftp://g:g@tv.dl1234.com:2121/上古情歌21.mp4
ftp://g:g@tv.dl1234.com:2121/上古情歌20.mp4
ftp://g:g@tv.dl1234.com:2121/上古情歌19.mp4
ftp://g:g@tv.dl1234.com:2121/上古情歌18.mp4
ftp://g:g@tv.dl1234.com:2121/上古情歌17.mp4
ftp://g:g@tv.dl1234.com:2121/上古情歌16.mp4
ftp://g:g@tv.dl1234.com:2121/上古情歌15.mp4
ftp://g:g@tv.dl1234.com:2121/上古情歌14.mp4
ftp://g:g@tv.dl1234.com:2121/上古情歌13.mp4
ftp://g:g@tv.dl1234.com:2121/上古情歌12.mp4
ftp://g:g@tv.dl1234.com:2121/上古情歌11.mp4
ftp://g:g@tv.dl1234.com:2121/上古情歌10.mp4
ftp://g:g@tv.dl1234.com:2121/上古情歌09.mp4
ftp://g:g@tv.dl1234.com:2121/上古情歌08.mp4
ftp://g:g@tv.dl1234.com:2121/上古情歌07.mp4
ftp://g:g@tv.dl1234.com:2121/上古情歌06.mp4
ftp://g:g@tv.dl1234.com:2121/上古情歌05.mp4
ftp://g:g@tv.dl1234.com:2121/上古情歌04.mp4
ftp://g:g@tv.dl1234.com:2121/上古情歌03.mp4
ftp://g:g@tv.dl1234.com:2121/上古情歌02.mp4
ftp://g:g@tv.dl1234.com:2121/上古情歌01.mp4
http://www.dy2018.com/i/98123.html---------2017年香港港台剧《赌城群英会(国语)》连载至35迅雷下载_电影天堂
http://www.dy2018.com/webPlay/play-id-98123-collection-34.html---------2017年香港港台剧《赌城群英会(国语)》连载至35 - 在线播放
http://www.dy2018.com/webPlay/play-id-98123-collection-33.html---------2017年香港港台剧《赌城群英会(国语)》连载至35 - 在线播放
http://www.dy2018.com/webPlay/play-id-98123-collection-32.html---------2017年香港港台剧《赌城群英会(国语)》连载至35 - 在线播放
http://www.dy2018.com/webPlay/play-id-98123-collection-31.html---------2017年香港港台剧《赌城群英会(国语)》连载至35 - 在线播放
http://www.dy2018.com/webPlay/play-id-98123-collection-30.html---------2017年香港港台剧《赌城群英会(国语)》连载至35 - 在线播放
http://www.dy2018.com/webPlay/play-id-98123-collection-29.html---------2017年香港港台剧《赌城群英会(国语)》连载至35 - 在线播放
http://www.dy2018.com/webPlay/play-id-98123-collection-28.html---------2017年香港港台剧《赌城群英会(国语)》连载至35 - 在线播放
http://www.dy2018.com/webPlay/play-id-98123-collection-27.html---------2017年香港港台剧《赌城群英会(国语)》连载至35 - 在线播放
http://www.dy2018.com/webPlay/play-id-98123-collection-26.html---------2017年香港港台剧《赌城群英会(国语)》连载至35 - 在线播放
http://www.dy2018.com/webPlay/play-id-98123-collection-25.html---------2017年香港港台剧《赌城群英会(国语)》连载至35 - 在线播放
http://www.dy2018.com/webPlay/play-id-98123-collection-24.html---------2017年香港港台剧《赌城群英会(国语)》连载至35 - 在线播放
http://www.dy2018.com/webPlay/play-id-98123-collection-23.html---------2017年香港港台剧《赌城群英会(国语)》连载至35 - 在线播放
http://www.dy2018.com/webPlay/play-id-98123-collection-22.html---------2017年香港港台剧《赌城群英会(国语)》连载至35 - 在线播放
http://www.dy2018.com/webPlay/play-id-98123-collection-21.html---------2017年香港港台剧《赌城群英会(国语)》连载至35 - 在线播放
http://www.dy2018.com/webPlay/play-id-98123-collection-20.html---------2017年香港港台剧《赌城群英会(国语)》连载至35 - 在线播放
http://www.dy2018.com/webPlay/play-id-98123-collection-19.html---------2017年香港港台剧《赌城群英会(国语)》连载至35 - 在线播放
http://www.dy2018.com/webPlay/play-id-98123-collection-18.html---------2017年香港港台剧《赌城群英会(国语)》连载至35 - 在线播放
http://www.dy2018.com/webPlay/play-id-98123-collection-17.html---------2017年香港港台剧《赌城群英会(国语)》连载至35 - 在线播放
http://www.dy2018.com/webPlay/play-id-98123-collection-16.html---------2017年香港港台剧《赌城群英会(国语)》连载至35 - 在线播放
http://www.dy2018.com/webPlay/play-id-98123-collection-15.html---------2017年香港港台剧《赌城群英会(国语)》连载至35 - 在线播放
http://www.dy2018.com/webPlay/play-id-98123-collection-14.html---------2017年香港港台剧《赌城群英会(国语)》连载至35 - 在线播放
http://www.dy2018.com/webPlay/play-id-98123-collection-13.html---------2017年香港港台剧《赌城群英会(国语)》连载至35 - 在线播放
http://www.dy2018.com/webPlay/play-id-98123-collection-11.html---------2017年香港港台剧《赌城群英会(国语)》连载至35 - 在线播放
http://www.dy2018.com/webPlay/play-id-98123-collection-10.html---------2017年香港港台剧《赌城群英会(国语)》连载至35 - 在线播放
http://www.dy2018.com/webPlay/play-id-98123-collection-9.html---------2017年香港港台剧《赌城群英会(国语)》连载至35 - 在线播放
http://www.dy2018.com/webPlay/play-id-98123-collection-8.html---------2017年香港港台剧《赌城群英会(国语)》连载至35 - 在线播放
http://www.dy2018.com/webPlay/play-id-98123-collection-7.html---------2017年香港港台剧《赌城群英会(国语)》连载至35 - 在线播放
http://www.dy2018.com/webPlay/play-id-98123-collection-6.html---------2017年香港港台剧《赌城群英会(国语)》连载至35 - 在线播放
http://www.dy2018.com/webPlay/play-id-98123-collection-5.html---------2017年香港港台剧《赌城群英会(国语)》连载至35 - 在线播放
http://www.dy2018.com/webPlay/play-id-98123-collection-4.html---------2017年香港港台剧《赌城群英会(国语)》连载至35 - 在线播放
http://www.dy2018.com/webPlay/play-id-98123-collection-3.html---------2017年香港港台剧《赌城群英会(国语)》连载至35 - 在线播放
http://www.dy2018.com/webPlay/play-id-98123-collection-2.html---------2017年香港港台剧《赌城群英会(国语)》连载至35 - 在线播放
http://www.dy2018.com/webPlay/play-id-98123-collection-1.html---------2017年香港港台剧《赌城群英会(国语)》连载至35 - 在线播放
http://www.dy2018.com/webPlay/play-id-98123-collection-0.html---------2017年香港港台剧《赌城群英会(国语)》连载至35 - 在线播放
ftp://g:g@tv.dl1234.com:3100/赌城群英会国语35.mkv
ftp://g:g@tv.dl1234.com:3100/赌城群英会国语34.mkv
ftp://g:g@tv.dl1234.com:3100/赌城群英会国语33.mkv
ftp://g:g@tv.dl1234.com:3100/赌城群英会国语32.mkv
ftp://g:g@tv.dl1234.com:3100/赌城群英会国语31.mkv
ftp://g:g@tv.dl1234.com:3100/赌城群英会国语30.mkv
ftp://g:g@tv.dl1234.com:3100/赌城群英会国语29.mkv
ftp://g:g@tv.dl1234.com:3100/赌城群英会国语28.mkv
ftp://g:g@tv.dl1234.com:3100/赌城群英会国语27.mkv
ftp://g:g@tv.dl1234.com:3100/赌城群英会国语26.mkv
ftp://g:g@tv.dl1234.com:3100/赌城群英会国语25.mkv
ftp://g:g@tv.dl1234.com:3100/赌城群英会国语24.mkv
ftp://g:g@tv.dl1234.com:3100/赌城群英会国语23.mkv
ftp://g:g@tv.dl1234.com:3100/赌城群英会国语22.mkv
ftp://g:g@tv.dl1234.com:3100/赌城群英会国语21.mkv
ftp://g:g@tv.dl1234.com:3100/赌城群英会国语20.mkv
ftp://g:g@tv.dl1234.com:3100/赌城群英会国语19.mkv
ftp://g:g@tv.dl1234.com:3100/赌城群英会国语18.mkv
ftp://g:g@tv.dl1234.com:3100/赌城群英会国语17.mkv
ftp://g:g@tv.dl1234.com:3100/赌城群英会国语16.mkv
ftp://g:g@tv.dl1234.com:3100/赌城群英会国语15.mkv
ftp://g:g@tv.dl1234.com:3100/赌城群英会国语14.mkv
ftp://g:g@tv.dl1234.com:3100/赌城群英会国语13.mkv
ftp://g:g@tv.dl1234.com:3100/赌城群英会国语12.mkv
ftp://g:g@tv.dl1234.com:3100/赌城群英会国语11.mkv
ftp://g:g@tv.dl1234.com:2121/赌城群英会国语10.mkv
ftp://g:g@tv.dl1234.com:2121/赌城群英会国语09.mkv
ftp://g:g@tv.dl1234.com:2121/赌城群英会国语08.mkv
ftp://g:g@tv.dl1234.com:2121/赌城群英会国语07.mkv
ftp://g:g@tv.dl1234.com:2121/赌城群英会国语06.mkv
ftp://g:g@tv.dl1234.com:2121/赌城群英会国语05.mkv
ftp://g:g@tv.dl1234.com:2121/赌城群英会国语04.mkv
ftp://g:g@tv.dl1234.com:2121/赌城群英会国语03.mkv
ftp://g:g@tv.dl1234.com:2121/赌城群英会国语02.mkv
ftp://g:g@tv.dl1234.com:2121/赌城群英会国语01.mkv
http://www.dy2018.com/i/98219.html---------2017年大陆国产剧《鬼吹灯之黄皮子坟》连载至12迅雷下载_电影天堂
http://www.dy2018.com/webPlay/play-id-98219-collection-11.html---------2017年大陆国产剧《鬼吹灯之黄皮子坟》连载至12 - 在线播放
http://www.dy2018.com/webPlay/play-id-98219-collection-10.html---------2017年大陆国产剧《鬼吹灯之黄皮子坟》连载至12 - 在线播放
http://www.dy2018.com/webPlay/play-id-98219-collection-9.html---------2017年大陆国产剧《鬼吹灯之黄皮子坟》连载至12 - 在线播放
http://www.dy2018.com/webPlay/play-id-98219-collection-8.html---------2017年大陆国产剧《鬼吹灯之黄皮子坟》连载至12 - 在线播放
http://www.dy2018.com/webPlay/play-id-98219-collection-7.html---------2017年大陆国产剧《鬼吹灯之黄皮子坟》连载至12 - 在线播放
http://www.dy2018.com/webPlay/play-id-98219-collection-5.html---------2017年大陆国产剧《鬼吹灯之黄皮子坟》连载至12 - 在线播放
http://www.dy2018.com/webPlay/play-id-98219-collection-4.html---------2017年大陆国产剧《鬼吹灯之黄皮子坟》连载至12 - 在线播放
http://www.dy2018.com/webPlay/play-id-98219-collection-3.html---------2017年大陆国产剧《鬼吹灯之黄皮子坟》连载至12 - 在线播放
http://www.dy2018.com/webPlay/play-id-98219-collection-2.html---------2017年大陆国产剧《鬼吹灯之黄皮子坟》连载至12 - 在线播放
http://www.dy2018.com/webPlay/play-id-98219-collection-1.html---------2017年大陆国产剧《鬼吹灯之黄皮子坟》连载至12 - 在线播放
http://www.dy2018.com/webPlay/play-id-98219-collection-0.html---------2017年大陆国产剧《鬼吹灯之黄皮子坟》连载至12 - 在线播放
ftp://g:g@tv.dl1234.com:3100/鬼吹灯之黄皮子坟12.mp4
ftp://g:g@tv.dl1234.com:3100/鬼吹灯之黄皮子坟11.mp4
ftp://g:g@tv.dl1234.com:3100/鬼吹灯之黄皮子坟10.mp4
ftp://g:g@tv.dl1234.com:3100/鬼吹灯之黄皮子坟09.mp4
ftp://g:g@tv.dl1234.com:3100/鬼吹灯之黄皮子坟08.mp4
ftp://g:g@tv.dl1234.com:3100/鬼吹灯之黄皮子坟07.mp4
ftp://g:g@tv.dl1234.com:3100/鬼吹灯之黄皮子坟06.mp4
ftp://g:g@tv.dl1234.com:3100/鬼吹灯之黄皮子坟05.mp4
ftp://g:g@tv.dl1234.com:3100/鬼吹灯之黄皮子坟04.mp4
ftp://g:g@tv.dl1234.com:3100/鬼吹灯之黄皮子坟03.mp4
ftp://g:g@tv.dl1234.com:3100/鬼吹灯之黄皮子坟02.mp4
ftp://g:g@tv.dl1234.com:3100/鬼吹灯之黄皮子坟01.mp4
http://www.dy2018.com/i/98122.html---------2017年香港港台剧《赌城群英会(粤语)》连载至15迅雷下载_电影天堂
http://www.dy2018.com/webPlay/play-id-98122-collection-34.html---------2017年香港港台剧《赌城群英会(粤语)》连载至15 - 在线播放
http://www.dy2018.com/webPlay/play-id-98122-collection-33.html---------2017年香港港台剧《赌城群英会(粤语)》连载至15 - 在线播放
http://www.dy2018.com/webPlay/play-id-98122-collection-32.html---------2017年香港港台剧《赌城群英会(粤语)》连载至15 - 在线播放
http://www.dy2018.com/webPlay/play-id-98122-collection-31.html---------2017年香港港台剧《赌城群英会(粤语)》连载至15 - 在线播放
http://www.dy2018.com/webPlay/play-id-98122-collection-30.html---------2017年香港港台剧《赌城群英会(粤语)》连载至15 - 在线播放
http://www.dy2018.com/webPlay/play-id-98122-collection-29.html---------2017年香港港台剧《赌城群英会(粤语)》连载至15 - 在线播放
http://www.dy2018.com/webPlay/play-id-98122-collection-28.html---------2017年香港港台剧《赌城群英会(粤语)》连载至15 - 在线播放
http://www.dy2018.com/webPlay/play-id-98122-collection-27.html---------2017年香港港台剧《赌城群英会(粤语)》连载至15 - 在线播放
http://www.dy2018.com/webPlay/play-id-98122-collection-26.html---------2017年香港港台剧《赌城群英会(粤语)》连载至15 - 在线播放
http://www.dy2018.com/webPlay/play-id-98122-collection-25.html---------2017年香港港台剧《赌城群英会(粤语)》连载至15 - 在线播放
http://www.dy2018.com/webPlay/play-id-98122-collection-24.html---------2017年香港港台剧《赌城群英会(粤语)》连载至15 - 在线播放
http://www.dy2018.com/webPlay/play-id-98122-collection-23.html---------2017年香港港台剧《赌城群英会(粤语)》连载至15 - 在线播放
http://www.dy2018.com/webPlay/play-id-98122-collection-22.html---------2017年香港港台剧《赌城群英会(粤语)》连载至15 - 在线播放
http://www.dy2018.com/webPlay/play-id-98122-collection-21.html---------2017年香港港台剧《赌城群英会(粤语)》连载至15 - 在线播放
http://www.dy2018.com/webPlay/play-id-98122-collection-20.html---------2017年香港港台剧《赌城群英会(粤语)》连载至15 - 在线播放
http://www.dy2018.com/webPlay/play-id-98122-collection-19.html---------2017年香港港台剧《赌城群英会(粤语)》连载至15 - 在线播放
http://www.dy2018.com/webPlay/play-id-98122-collection-18.html---------2017年香港港台剧《赌城群英会(粤语)》连载至15 - 在线播放
http://www.dy2018.com/webPlay/play-id-98122-collection-17.html---------2017年香港港台剧《赌城群英会(粤语)》连载至15 - 在线播放
http://www.dy2018.com/webPlay/play-id-98122-collection-16.html---------2017年香港港台剧《赌城群英会(粤语)》连载至15 - 在线播放
http://www.dy2018.com/webPlay/play-id-98122-collection-15.html---------2017年香港港台剧《赌城群英会(粤语)》连载至15 - 在线播放
http://www.dy2018.com/webPlay/play-id-98122-collection-14.html---------2017年香港港台剧《赌城群英会(粤语)》连载至15 - 在线播放
http://www.dy2018.com/webPlay/play-id-98122-collection-13.html---------2017年香港港台剧《赌城群英会(粤语)》连载至15 - 在线播放
http://www.dy2018.com/webPlay/play-id-98122-collection-12.html---------2017年香港港台剧《赌城群英会(粤语)》连载至15 - 在线播放
http://www.dy2018.com/webPlay/play-id-98122-collection-11.html---------2017年香港港台剧《赌城群英会(粤语)》连载至15 - 在线播放
http://www.dy2018.com/webPlay/play-id-98122-collection-10.html---------2017年香港港台剧《赌城群英会(粤语)》连载至15 - 在线播放
http://www.dy2018.com/webPlay/play-id-98122-collection-9.html---------2017年香港港台剧《赌城群英会(粤语)》连载至15 - 在线播放
http://www.dy2018.com/webPlay/play-id-98122-collection-8.html---------2017年香港港台剧《赌城群英会(粤语)》连载至15 - 在线播放
http://www.dy2018.com/webPlay/play-id-98122-collection-7.html---------2017年香港港台剧《赌城群英会(粤语)》连载至15 - 在线播放
http://www.dy2018.com/webPlay/play-id-98122-collection-6.html---------2017年香港港台剧《赌城群英会(粤语)》连载至15 - 在线播放
http://www.dy2018.com/webPlay/play-id-98122-collection-5.html---------2017年香港港台剧《赌城群英会(粤语)》连载至15 - 在线播放
http://www.dy2018.com/webPlay/play-id-98122-collection-4.html---------2017年香港港台剧《赌城群英会(粤语)》连载至15 - 在线播放
http://www.dy2018.com/webPlay/play-id-98122-collection-3.html---------2017年香港港台剧《赌城群英会(粤语)》连载至15 - 在线播放
http://www.dy2018.com/webPlay/play-id-98122-collection-2.html---------2017年香港港台剧《赌城群英会(粤语)》连载至15 - 在线播放
http://www.dy2018.com/webPlay/play-id-98122-collection-1.html---------2017年香港港台剧《赌城群英会(粤语)》连载至15 - 在线播放
http://www.dy2018.com/webPlay/play-id-98122-collection-0.html---------2017年香港港台剧《赌城群英会(粤语)》连载至15 - 在线播放
ftp://g:g@tv.dl1234.com:3100/赌城群英会粤语35.mkv
ftp://g:g@tv.dl1234.com:3100/赌城群英会粤语34.mkv
ftp://g:g@tv.dl1234.com:3100/赌城群英会粤语33.mkv
ftp://g:g@tv.dl1234.com:3100/赌城群英会粤语32.mkv
ftp://g:g@tv.dl1234.com:3100/赌城群英会粤语31.mkv
ftp://g:g@tv.dl1234.com:3100/赌城群英会粤语30.mkv
ftp://g:g@tv.dl1234.com:3100/赌城群英会粤语29.mkv
ftp://g:g@tv.dl1234.com:3100/赌城群英会粤语28.mkv
ftp://g:g@tv.dl1234.com:3100/赌城群英会粤语27.mkv
ftp://g:g@tv.dl1234.com:3100/赌城群英会粤语26.mkv
ftp://g:g@tv.dl1234.com:3100/赌城群英会粤语25.mkv
ftp://g:g@tv.dl1234.com:3100/赌城群英会粤语24.mkv
ftp://g:g@tv.dl1234.com:3100/赌城群英会粤语23.mkv
ftp://g:g@tv.dl1234.com:3100/赌城群英会粤语22.mkv
ftp://g:g@tv.dl1234.com:3100/赌城群英会粤语21.mkv
ftp://g:g@tv.dl1234.com:3100/赌城群英会粤语20.mkv
ftp://g:g@tv.dl1234.com:3100/赌城群英会粤语19.mkv
ftp://g:g@tv.dl1234.com:3100/赌城群英会粤语18.mkv
ftp://g:g@tv.dl1234.com:3100/赌城群英会粤语17.mkv
ftp://g:g@tv.dl1234.com:3100/赌城群英会粤语16.mkv
ftp://g:g@tv.dl1234.com:3100/赌城群英会粤语15.mkv
ftp://g:g@tv.dl1234.com:3100/赌城群英会粤语14.mkv
ftp://g:g@tv.dl1234.com:3100/赌城群英会粤语13.mkv
ftp://g:g@tv.dl1234.com:3100/赌城群英会粤语12.mkv
ftp://g:g@tv.dl1234.com:3100/赌城群英会粤语11.mkv
ftp://g:g@tv.dl1234.com:2121/赌城群英会粤语10.rmvb
ftp://g:g@tv.dl1234.com:2121/赌城群英会粤语09.mkv
ftp://g:g@tv.dl1234.com:2121/赌城群英会粤语08.mkv
ftp://g:g@tv.dl1234.com:2121/赌城群英会粤语07.mkv
ftp://g:g@tv.dl1234.com:2121/赌城群英会粤语06.mkv
ftp://g:g@tv.dl1234.com:2121/赌城群英会粤语05.mkv
ftp://g:g@tv.dl1234.com:2121/赌城群英会粤语04.mkv
ftp://g:g@tv.dl1234.com:2121/赌城群英会粤语03.mkv
ftp://g:g@tv.dl1234.com:2121/赌城群英会粤语02.mkv
ftp://g:g@tv.dl1234.com:2121/赌城群英会粤语01.mkv
http://www.dy2018.com/i/98218.html---------2017年大陆国产剧《河神》连载至12迅雷下载_电影天堂
http://www.dy2018.com/webPlay/play-id-98218-collection-11.html---------2017年大陆国产剧《河神》连载至12 - 在线播放
http://www.dy2018.com/webPlay/play-id-98218-collection-10.html---------2017年大陆国产剧《河神》连载至12 - 在线播放
http://www.dy2018.com/webPlay/play-id-98218-collection-9.html---------2017年大陆国产剧《河神》连载至12 - 在线播放
http://www.dy2018.com/webPlay/play-id-98218-collection-8.html---------2017年大陆国产剧《河神》连载至12 - 在线播放
http://www.dy2018.com/webPlay/play-id-98218-collection-7.html---------2017年大陆国产剧《河神》连载至12 - 在线播放
http://www.dy2018.com/webPlay/play-id-98218-collection-6.html---------2017年大陆国产剧《河神》连载至12 - 在线播放
http://www.dy2018.com/webPlay/play-id-98218-collection-5.html---------2017年大陆国产剧《河神》连载至12 - 在线播放
http://www.dy2018.com/webPlay/play-id-98218-collection-4.html---------2017年大陆国产剧《河神》连载至12 - 在线播放
http://www.dy2018.com/webPlay/play-id-98218-collection-3.html---------2017年大陆国产剧《河神》连载至12 - 在线播放
http://www.dy2018.com/webPlay/play-id-98218-collection-2.html---------2017年大陆国产剧《河神》连载至12 - 在线播放
http://www.dy2018.com/webPlay/play-id-98218-collection-1.html---------2017年大陆国产剧《河神》连载至12 - 在线播放
http://www.dy2018.com/webPlay/play-id-98218-collection-0.html---------2017年大陆国产剧《河神》连载至12 - 在线播放
ftp://g:g@tv.dl1234.com:3100/河神16.mp4
ftp://g:g@tv.dl1234.com:3100/河神15.mp4
ftp://g:g@tv.dl1234.com:3100/河神14.mp4
ftp://g:g@tv.dl1234.com:3100/河神13.mp4
ftp://g:g@tv.dl1234.com:3100/河神12.mp4
ftp://g:g@tv.dl1234.com:3100/河神11.mp4
ftp://g:g@tv.dl1234.com:3100/河神10.mkv
ftp://g:g@tv.dl1234.com:3100/河神09.mkv
ftp://g:g@tv.dl1234.com:3100/河神08.mkv
ftp://g:g@tv.dl1234.com:3100/河神07.mkv
ftp://g:g@tv.dl1234.com:3100/河神06.mkv
ftp://g:g@tv.dl1234.com:3100/河神05.mkv
ftp://g:g@tv.dl1234.com:3100/河神04.mkv
ftp://g:g@tv.dl1234.com:3100/河神03.mkv
ftp://g:g@tv.dl1234.com:3100/河神02.mkv
ftp://g:g@tv.dl1234.com:3100/河神01.mkv
http://www.dy2018.com/i/98202.html---------2017年韩国日韩剧《王在相爱》连载至16迅雷下载_电影天堂
http://www.dy2018.com/webPlay/play-id-98202-collection-15.html---------2017年韩国日韩剧《王在相爱》连载至16 - 在线播放
http://www.dy2018.com/webPlay/play-id-98202-collection-14.html---------2017年韩国日韩剧《王在相爱》连载至16 - 在线播放
http://www.dy2018.com/webPlay/play-id-98202-collection-12.html---------2017年韩国日韩剧《王在相爱》连载至16 - 在线播放
http://www.dy2018.com/webPlay/play-id-98202-collection-11.html---------2017年韩国日韩剧《王在相爱》连载至16 - 在线播放
http://www.dy2018.com/webPlay/play-id-98202-collection-10.html---------2017年韩国日韩剧《王在相爱》连载至16 - 在线播放
http://www.dy2018.com/webPlay/play-id-98202-collection-9.html---------2017年韩国日韩剧《王在相爱》连载至16 - 在线播放
http://www.dy2018.com/webPlay/play-id-98202-collection-8.html---------2017年韩国日韩剧《王在相爱》连载至16 - 在线播放
http://www.dy2018.com/webPlay/play-id-98202-collection-7.html---------2017年韩国日韩剧《王在相爱》连载至16 - 在线播放
http://www.dy2018.com/webPlay/play-id-98202-collection-6.html---------2017年韩国日韩剧《王在相爱》连载至16 - 在线播放
http://www.dy2018.com/webPlay/play-id-98202-collection-5.html---------2017年韩国日韩剧《王在相爱》连载至16 - 在线播放
http://www.dy2018.com/webPlay/play-id-98202-collection-4.html---------2017年韩国日韩剧《王在相爱》连载至16 - 在线播放
http://www.dy2018.com/webPlay/play-id-98202-collection-3.html---------2017年韩国日韩剧《王在相爱》连载至16 - 在线播放
http://www.dy2018.com/webPlay/play-id-98202-collection-2.html---------2017年韩国日韩剧《王在相爱》连载至16 - 在线播放
http://www.dy2018.com/webPlay/play-id-98202-collection-1.html---------2017年韩国日韩剧《王在相爱》连载至16 - 在线播放
http://www.dy2018.com/webPlay/play-id-98202-collection-0.html---------2017年韩国日韩剧《王在相爱》连载至16 - 在线播放
ftp://h:h@tv.dl1234.com:2166/王在相爱16.rmvb
ftp://h:h@tv.dl1234.com:2166/王在相爱15.rmvb
ftp://h:h@tv.dl1234.com:2166/王在相爱14.rmvb
ftp://h:h@tv.dl1234.com:2166/王在相爱13.rmvb
ftp://h:h@tv.dl1234.com:2166/王在相爱12.rmvb
ftp://h:h@tv.dl1234.com:2166/王在相爱11.rmvb
ftp://h:h@tv.dl1234.com:2166/王在相爱10.rmvb
ftp://h:h@tv.dl1234.com:2166/王在相爱09.rmvb
ftp://h:h@tv.dl1234.com:2166/王在相爱08.rmvb
ftp://h:h@tv.dl1234.com:2166/王在相爱07.rmvb
ftp://h:h@tv.dl1234.com:2166/王在相爱06.rmvb
ftp://h:h@tv.dl1234.com:2166/王在相爱05.rmvb
ftp://h:h@tv.dl1234.com:2166/王在相爱04.rmvb
ftp://h:h@tv.dl1234.com:2166/王在相爱03.rmvb
ftp://h:h@tv.dl1234.com:2166/王在相爱02.rmvb
ftp://h:h@tv.dl1234.com:2166/王在相爱01.rmvb
http://www.dy2018.com/i/98200.html---------2017年美国欧美剧《学校2017》连载至8迅雷下载_电影天堂
http://www.dy2018.com/webPlay/play-id-98200-collection-7.html---------2017年美国欧美剧《学校2017》连载至8 - 在线播放
http://www.dy2018.com/webPlay/play-id-98200-collection-6.html---------2017年美国欧美剧《学校2017》连载至8 - 在线播放
http://www.dy2018.com/webPlay/play-id-98200-collection-5.html---------2017年美国欧美剧《学校2017》连载至8 - 在线播放
http://www.dy2018.com/webPlay/play-id-98200-collection-4.html---------2017年美国欧美剧《学校2017》连载至8 - 在线播放
http://www.dy2018.com/webPlay/play-id-98200-collection-3.html---------2017年美国欧美剧《学校2017》连载至8 - 在线播放
http://www.dy2018.com/webPlay/play-id-98200-collection-2.html---------2017年美国欧美剧《学校2017》连载至8 - 在线播放
http://www.dy2018.com/webPlay/play-id-98200-collection-1.html---------2017年美国欧美剧《学校2017》连载至8 - 在线播放
http://www.dy2018.com/webPlay/play-id-98200-collection-0.html---------2017年美国欧美剧《学校2017》连载至8 - 在线播放
ftp://h:h@tv.dl1234.com:2166/学校2017-08.rmvb
ftp://h:h@tv.dl1234.com:2166/学校2017-07.rmvb
ftp://h:h@tv.dl1234.com:2166/学校2017-06.rmvb
ftp://h:h@tv.dl1234.com:2166/学校2017-05.rmvb
ftp://h:h@tv.dl1234.com:2166/学校2017-04.rmvb
ftp://h:h@tv.dl1234.com:2166/学校2017-03.rmvb
ftp://h:h@tv.dl1234.com:2166/学校2017-02.rmvb
ftp://h:h@tv.dl1234.com:2166/学校2017-01.rmvb
http://www.dy2018.com/i/98175.html---------2017年韩国日韩剧《河伯的新娘2017》连载至12迅雷下载_电影天堂
http://www.dy2018.com/i/98083.html---------2017年韩国日韩剧《多样的儿媳》连载至48迅雷下载_电影天堂
http://www.dy2018.com/i/98057.html---------2017年韩国日韩剧《木槿花开了》连载至53迅雷下载_电影天堂
http://www.dy2018.com/i/98011.html---------2017年韩国欧美剧《小偷家伙-小偷先生》连载至26迅雷下载_电影天堂
http://www.dy2018.com/i/98107.html---------2017年韩国日韩剧《有品位的她》连载至16迅雷下载_电影天堂
http://www.dy2018.com/i/97097.html---------2016年韩国日韩剧《W-两个世界》连载至16大结局迅雷下载_电影天堂
http://www.dy2018.com/i/95042.html---------2015韩国KBS金土剧《制作人》全12集[韩语中字]迅雷下载_电影天堂
http://www.dy2018.com/i/96991.html---------2016年韩国日韩剧《Doctors》连载至20迅雷下载_电影天堂
http://www.dy2018.com/i/91973.html---------2013韩国SBS水木剧《继承者们》全20集[韩语中字]迅雷下载_电影天堂
http://www.dy2018.com/i/97198.html---------2016年韩国日韩剧《步步惊心:丽/月之恋人》连载至20迅雷下载_电影天堂
http://www.dy2018.com/i/97051.html---------2016年韩国日韩剧《任意依恋》连载至13迅雷下载_电影天堂
http://www.dy2018.com/html/tv/rihantv/20130627/42587.html---------2013韩国KBS晨间剧《恩熙》更新第140集[韩语中字]迅雷下载_电影天堂
http://www.dy2018.com/i/98211.html---------2017年韩国日韩剧《再次相遇的世界》连载至12迅雷下载_电影天堂
http://www.dy2018.com/webPlay/play-id-98211-collection-9.html---------2017年韩国日韩剧《再次相遇的世界》连载至12 - 在线播放
http://www.dy2018.com/webPlay/play-id-98211-collection-8.html---------2017年韩国日韩剧《再次相遇的世界》连载至12 - 在线播放
http://www.dy2018.com/webPlay/play-id-98211-collection-7.html---------2017年韩国日韩剧《再次相遇的世界》连载至12 - 在线播放
http://www.dy2018.com/webPlay/play-id-98211-collection-6.html---------2017年韩国日韩剧《再次相遇的世界》连载至12 - 在线播放
http://www.dy2018.com/webPlay/play-id-98211-collection-5.html---------2017年韩国日韩剧《再次相遇的世界》连载至12 - 在线播放
http://www.dy2018.com/webPlay/play-id-98211-collection-4.html---------2017年韩国日韩剧《再次相遇的世界》连载至12 - 在线播放
http://www.dy2018.com/webPlay/play-id-98211-collection-3.html---------2017年韩国日韩剧《再次相遇的世界》连载至12 - 在线播放
http://www.dy2018.com/webPlay/play-id-98211-collection-2.html---------2017年韩国日韩剧《再次相遇的世界》连载至12 - 在线播放
http://www.dy2018.com/webPlay/play-id-98211-collection-1.html---------2017年韩国日韩剧《再次相遇的世界》连载至12 - 在线播放
http://www.dy2018.com/webPlay/play-id-98211-collection-0.html---------2017年韩国日韩剧《再次相遇的世界》连载至12 - 在线播放
ftp://h:h@tv.dl1234.com:2199/再次相遇的世界14.rmvb
ftp://h:h@tv.dl1234.com:2199/再次相遇的世界13.rmvb
ftp://h:h@tv.dl1234.com:2199/再次相遇的世界12.rmvb
ftp://h:h@tv.dl1234.com:2199/再次相遇的世界11.rmvb
ftp://h:h@tv.dl1234.com:2199/再次相遇的世界10.rmvb
ftp://h:h@tv.dl1234.com:2199/再次相遇的世界09.rmvb
ftp://h:h@tv.dl1234.com:2199/再次相遇的世界08.rmvb
ftp://h:h@tv.dl1234.com:2199/再次相遇的世界07.rmvb
ftp://h:h@tv.dl1234.com:2199/再次相遇的世界06.rmvb
ftp://h:h@tv.dl1234.com:2199/再次相遇的世界05.rmvb
ftp://h:h@tv.dl1234.com:2199/再次相遇的世界04.rmvb
ftp://h:h@tv.dl1234.com:2199/再次相遇的世界03.rmvb
ftp://h:h@tv.dl1234.com:2199/再次相遇的世界02.rmvb
ftp://h:h@tv.dl1234.com:2199/再次相遇的世界01.rmvb
http://www.dy2018.com/i/98210.html---------2017年韩国日韩剧《死而复生的男人》连载至12迅雷下载_电影天堂
http://www.dy2018.com/webPlay/play-id-98210-collection-11.html---------2017年韩国日韩剧《死而复生的男人》连载至12 - 在线播放
http://www.dy2018.com/webPlay/play-id-98210-collection-10.html---------2017年韩国日韩剧《死而复生的男人》连载至12 - 在线播放
http://www.dy2018.com/webPlay/play-id-98210-collection-9.html---------2017年韩国日韩剧《死而复生的男人》连载至12 - 在线播放
http://www.dy2018.com/webPlay/play-id-98210-collection-8.html---------2017年韩国日韩剧《死而复生的男人》连载至12 - 在线播放
http://www.dy2018.com/webPlay/play-id-98210-collection-7.html---------2017年韩国日韩剧《死而复生的男人》连载至12 - 在线播放
http://www.dy2018.com/webPlay/play-id-98210-collection-6.html---------2017年韩国日韩剧《死而复生的男人》连载至12 - 在线播放
http://www.dy2018.com/webPlay/play-id-98210-collection-5.html---------2017年韩国日韩剧《死而复生的男人》连载至12 - 在线播放
http://www.dy2018.com/webPlay/play-id-98210-collection-4.html---------2017年韩国日韩剧《死而复生的男人》连载至12 - 在线播放
http://www.dy2018.com/webPlay/play-id-98210-collection-3.html---------2017年韩国日韩剧《死而复生的男人》连载至12 - 在线播放
http://www.dy2018.com/webPlay/play-id-98210-collection-2.html---------2017年韩国日韩剧《死而复生的男人》连载至12 - 在线播放
http://www.dy2018.com/webPlay/play-id-98210-collection-1.html---------2017年韩国日韩剧《死而复生的男人》连载至12 - 在线播放
http://www.dy2018.com/webPlay/play-id-98210-collection-0.html---------2017年韩国日韩剧《死而复生的男人》连载至12 - 在线播放
ftp://h:h@tv.dl1234.com:2199/死而复生的男人14.rmvb
ftp://h:h@tv.dl1234.com:2199/死而复生的男人13.rmvb
ftp://h:h@tv.dl1234.com:2199/死而复生的男人12.rmvb
ftp://h:h@tv.dl1234.com:2199/死而复生的男人11.rmvb
ftp://h:h@tv.dl1234.com:2199/死而复生的男人10.rmvb
ftp://h:h@tv.dl1234.com:2199/死而复生的男人09.rmvb
ftp://h:h@tv.dl1234.com:2199/死而复生的男人08.rmvb
ftp://h:h@tv.dl1234.com:2199/死而复生的男人07.rmvb
ftp://h:h@tv.dl1234.com:2199/死而复生的男人06.rmvb
ftp://h:h@tv.dl1234.com:2199/死而复生的男人05.rmvb
ftp://h:h@tv.dl1234.com:2199/死而复生的男人04.rmvb
ftp://h:h@tv.dl1234.com:2199/死而复生的男人03.rmvb
ftp://h:h@tv.dl1234.com:2199/死而复生的男人02.rmvb
ftp://h:h@tv.dl1234.com:2199/死而复生的男人01.rmvb
http://www.dy2018.com/i/98230.html---------2017年日本日韩剧《犯罪心理(韩剧)》连载至4迅雷下载_电影天堂
http://www.dy2018.com/webPlay/play-id-98230-collection-3.html---------2017年日本日韩剧《犯罪心理(韩剧)》连载至4 - 在线播放
http://www.dy2018.com/webPlay/play-id-98230-collection-2.html---------2017年日本日韩剧《犯罪心理(韩剧)》连载至4 - 在线播放
http://www.dy2018.com/webPlay/play-id-98230-collection-1.html---------2017年日本日韩剧《犯罪心理(韩剧)》连载至4 - 在线播放
http://www.dy2018.com/webPlay/play-id-98230-collection-0.html---------2017年日本日韩剧《犯罪心理(韩剧)》连载至4 - 在线播放
ftp://h:h@tv.dl1234.com:2166/犯罪心理05.rmvb
ftp://h:h@tv.dl1234.com:2166/犯罪心理04.rmvb
ftp://h:h@tv.dl1234.com:2166/犯罪心理03.rmvb
ftp://h:h@tv.dl1234.com:2166/犯罪心理02.rmvb
ftp://h:h@tv.dl1234.com:2166/犯罪心理01.rmvb
http://www.dy2018.com/i/98067.html---------2017年韩国日韩剧《七日的王妃》连载至19迅雷下载_电影天堂
http://www.dy2018.com/webPlay/play-id-98067-collection-18.html---------2017年韩国日韩剧《七日的王妃》连载至19 - 在线播放
http://www.dy2018.com/webPlay/play-id-98067-collection-17.html---------2017年韩国日韩剧《七日的王妃》连载至19 - 在线播放
http://www.dy2018.com/webPlay/play-id-98067-collection-16.html---------2017年韩国日韩剧《七日的王妃》连载至19 - 在线播放
http://www.dy2018.com/webPlay/play-id-98067-collection-15.html---------2017年韩国日韩剧《七日的王妃》连载至19 - 在线播放
http://www.dy2018.com/webPlay/play-id-98067-collection-14.html---------2017年韩国日韩剧《七日的王妃》连载至19 - 在线播放
http://www.dy2018.com/webPlay/play-id-98067-collection-13.html---------2017年韩国日韩剧《七日的王妃》连载至19 - 在线播放
http://www.dy2018.com/webPlay/play-id-98067-collection-12.html---------2017年韩国日韩剧《七日的王妃》连载至19 - 在线播放
http://www.dy2018.com/webPlay/play-id-98067-collection-11.html---------2017年韩国日韩剧《七日的王妃》连载至19 - 在线播放
http://www.dy2018.com/webPlay/play-id-98067-collection-10.html---------2017年韩国日韩剧《七日的王妃》连载至19 - 在线播放
http://www.dy2018.com/webPlay/play-id-98067-collection-9.html---------2017年韩国日韩剧《七日的王妃》连载至19 - 在线播放
http://www.dy2018.com/webPlay/play-id-98067-collection-8.html---------2017年韩国日韩剧《七日的王妃》连载至19 - 在线播放
http://www.dy2018.com/webPlay/play-id-98067-collection-7.html---------2017年韩国日韩剧《七日的王妃》连载至19 - 在线播放
http://www.dy2018.com/webPlay/play-id-98067-collection-6.html---------2017年韩国日韩剧《七日的王妃》连载至19 - 在线播放
http://www.dy2018.com/webPlay/play-id-98067-collection-5.html---------2017年韩国日韩剧《七日的王妃》连载至19 - 在线播放
http://www.dy2018.com/webPlay/play-id-98067-collection-3.html---------2017年韩国日韩剧《七日的王妃》连载至19 - 在线播放
http://www.dy2018.com/webPlay/play-id-98067-collection-2.html---------2017年韩国日韩剧《七日的王妃》连载至19 - 在线播放
http://www.dy2018.com/webPlay/play-id-98067-collection-1.html---------2017年韩国日韩剧《七日的王妃》连载至19 - 在线播放
http://www.dy2018.com/webPlay/play-id-98067-collection-0.html---------2017年韩国日韩剧《七日的王妃》连载至19 - 在线播放
ftp://h:h@tv.dl1234.com:2166/七日的王妃20.rmvb
ftp://h:h@tv.dl1234.com:2166/七日的王妃19.rmvb
ftp://h:h@tv.dl1234.com:2166/七日的王妃18.rmvb
ftp://h:h@tv.dl1234.com:2166/七日的王妃17.rmvb
ftp://h:h@tv.dl1234.com:2166/七日的王妃16.rmvb
ftp://h:h@tv.dl1234.com:2166/七日的王妃15.rmvb
ftp://h:h@tv.dl1234.com:2166/七日的王妃14.rmvb
ftp://h:h@tv.dl1234.com:2166/七日的王妃13.rmvb
ftp://h:h@tv.dl1234.com:2166/七日的王妃12.rmvb
ftp://h:h@tv.dl1234.com:2166/七日的王妃11.rmvb
ftp://h:h@tv.dl1234.com:2199/七日的王妃10.rmvb
ftp://h:h@tv.dl1234.com:2199/七日的王妃09.rmvb
ftp://h:h@tv.dl1234.com:2199/七日的王妃08.rmvb
ftp://h:h@tv.dl1234.com:2199/七日的王妃07.rmvb
ftp://h:h@tv.dl1234.com:2199/七日的王妃06.rmvb
ftp://h:h@tv.dl1234.com:2199/七日的王妃05.rmvb
ftp://h:h@tv.dl1234.com:2199/七日的王妃04.rmvb
ftp://h:h@tv.dl1234.com:2199/七日的王妃03.rmvb
ftp://h:h@tv.dl1234.com:2199/七日的王妃02.rmvb
ftp://h:h@tv.dl1234.com:2199/七日的王妃01.rmvb
http://www.dy2018.com/i/98208.html---------2017年美国欧美剧《生死狙击第二季》连载至4迅雷下载_电影天堂
http://www.dy2018.com/webPlay/play-id-98208-collection-3.html---------2017年美国欧美剧《生死狙击第二季》连载至4 - 在线播放
http://www.dy2018.com/webPlay/play-id-98208-collection-2.html---------2017年美国欧美剧《生死狙击第二季》连载至4 - 在线播放
http://www.dy2018.com/webPlay/play-id-98208-collection-1.html---------2017年美国欧美剧《生死狙击第二季》连载至4 - 在线播放
http://www.dy2018.com/webPlay/play-id-98208-collection-0.html---------2017年美国欧美剧《生死狙击第二季》连载至4 - 在线播放
ftp://m:m@tv.dl1234.com:2199/生死狙击第二季04.mp4
ftp://m:m@tv.dl1234.com:2199/生死狙击第二季03.mp4
ftp://m:m@tv.dl1234.com:2199/生死狙击第二季02.mp4
ftp://m:m@tv.dl1234.com:2199/生死狙击第二季01.mp4
http://www.dy2018.com/i/98207.html---------2017年美国欧美剧《胡顿与女爵第一季》连载至4迅雷下载_电影天堂
http://www.dy2018.com/webPlay/play-id-98207-collection-3.html---------2017年美国欧美剧《胡顿与女爵第一季》连载至4 - 在线播放
http://www.dy2018.com/webPlay/play-id-98207-collection-2.html---------2017年美国欧美剧《胡顿与女爵第一季》连载至4 - 在线播放
http://www.dy2018.com/webPlay/play-id-98207-collection-1.html---------2017年美国欧美剧《胡顿与女爵第一季》连载至4 - 在线播放
http://www.dy2018.com/webPlay/play-id-98207-collection-0.html---------2017年美国欧美剧《胡顿与女爵第一季》连载至4 - 在线播放
ftp://m:m@tv.dl1234.com:2199/胡顿与女爵第一季03.mp4
ftp://m:m@tv.dl1234.com:2199/胡顿与女爵第一季02.mp4
ftp://m:m@tv.dl1234.com:2199/胡顿与女爵第一季01.mp4
http://www.dy2018.com/i/98204.html---------2017年美国欧美剧《权欲第四季》连载至7迅雷下载_电影天堂
http://www.dy2018.com/i/98194.html---------2017年美国欧美剧《权力的游戏第七季》连载至4迅雷下载_电影天堂
http://www.dy2018.com/i/98106.html---------2017年美国欧美剧《血路狂飙第一季》连载至8迅雷下载_电影天堂
http://www.dy2018.com/html/tv/oumeitv/20110607/32712.html---------2011主打美剧《冰与火之歌：权力的游戏 第一季 全10集》[中英双字 1024分辨率]迅雷下载_电影天堂
http://www.dy2018.com/html/tv/oumeitv/20130918/91844.html---------2013年主打美剧《性爱大师 第一季》全12集[中英双字]迅雷下载_电影天堂
http://www.dy2018.com/i/93119.html---------2014美国奇幻剧《权力的游戏 第四季》全10集[中英双字]迅雷下载_电影天堂
http://www.dy2018.com/html/tv/oumeitv/20120402/37165.html---------2012主打美剧《冰与火之歌：权力的游戏 第二季》更新10集1024x576[中英双字]本季终迅雷下载_电影天堂
http://www.dy2018.com/i/98073.html---------2017年美国欧美剧《行尸之惧第三季》连载至8迅雷下载_电影天堂
http://www.dy2018.com/webPlay/play-id-98073-collection-7.html---------2017年美国欧美剧《行尸之惧第三季》连载至8 - 在线播放
http://www.dy2018.com/webPlay/play-id-98073-collection-6.html---------2017年美国欧美剧《行尸之惧第三季》连载至8 - 在线播放
http://www.dy2018.com/webPlay/play-id-98073-collection-5.html---------2017年美国欧美剧《行尸之惧第三季》连载至8 - 在线播放
http://www.dy2018.com/webPlay/play-id-98073-collection-3.html---------2017年美国欧美剧《行尸之惧第三季》连载至8 - 在线播放
http://www.dy2018.com/webPlay/play-id-98073-collection-2.html---------2017年美国欧美剧《行尸之惧第三季》连载至8 - 在线播放
http://www.dy2018.com/webPlay/play-id-98073-collection-1.html---------2017年美国欧美剧《行尸之惧第三季》连载至8 - 在线播放
http://www.dy2018.com/webPlay/play-id-98073-collection-0.html---------2017年美国欧美剧《行尸之惧第三季》连载至8 - 在线播放
ftp://m:m@tv.dl1234.com:2199/行尸之惧第三季08.mp4
ftp://m:m@tv.dl1234.com:2199/行尸之惧第三季07.mp4
ftp://m:m@tv.dl1234.com:2199/行尸之惧第三季06.mp4
ftp://m:m@tv.dl1234.com:2199/行尸之惧第三季05.mp4
ftp://m:m@tv.dl1234.com:2199/行尸之惧第三季04.mp4
ftp://m:m@tv.dl1234.com:2199/行尸之惧第三季03.mp4
ftp://m:m@tv.dl1234.com:2199/行尸之惧第三季02修正.mp4
ftp://m:m@tv.dl1234.com:2199/行尸之惧第三季01.mp4
http://www.dy2018.com/i/97930.html---------2017年美国欧美剧《神秘博士第十季》连载至12迅雷下载_电影天堂
http://www.dy2018.com/webPlay/play-id-97930-collection-11.html---------2017年美国欧美剧《神秘博士第十季》连载至12 - 在线播放
http://www.dy2018.com/webPlay/play-id-97930-collection-10.html---------2017年美国欧美剧《神秘博士第十季》连载至12 - 在线播放
http://www.dy2018.com/webPlay/play-id-97930-collection-9.html---------2017年美国欧美剧《神秘博士第十季》连载至12 - 在线播放
http://www.dy2018.com/webPlay/play-id-97930-collection-8.html---------2017年美国欧美剧《神秘博士第十季》连载至12 - 在线播放
http://www.dy2018.com/webPlay/play-id-97930-collection-7.html---------2017年美国欧美剧《神秘博士第十季》连载至12 - 在线播放
http://www.dy2018.com/webPlay/play-id-97930-collection-6.html---------2017年美国欧美剧《神秘博士第十季》连载至12 - 在线播放
http://www.dy2018.com/webPlay/play-id-97930-collection-4.html---------2017年美国欧美剧《神秘博士第十季》连载至12 - 在线播放
http://www.dy2018.com/webPlay/play-id-97930-collection-3.html---------2017年美国欧美剧《神秘博士第十季》连载至12 - 在线播放
http://www.dy2018.com/webPlay/play-id-97930-collection-2.html---------2017年美国欧美剧《神秘博士第十季》连载至12 - 在线播放
http://www.dy2018.com/webPlay/play-id-97930-collection-1.html---------2017年美国欧美剧《神秘博士第十季》连载至12 - 在线播放
http://www.dy2018.com/webPlay/play-id-97930-collection-0.html---------2017年美国欧美剧《神秘博士第十季》连载至12 - 在线播放
ftp://m:m@tv.dl1234.com:2199/神秘博士第十季12.mp4
ftp://m:m@tv.dl1234.com:2199/神秘博士第十季11.mp4
ftp://m:m@tv.dl1234.com:2199/神秘博士第十季10.mp4
ftp://m:m@tv.dl1234.com:2199/神秘博士第十季09.mp4
ftp://m:m@tv.dl1234.com:2199/神秘博士第十季08.mp4
ftp://m:m@tv.dl1234.com:2199/神秘博士第十季07.mp4
ftp://m:m@tv.dl1234.com:2199/神秘博士第十季06.mp4
ftp://m:m@tv.dl1234.com:2199/神秘博士第十季05.mp4
ftp://m:m@tv.dl1234.com:2199/神秘博士第十季04.mp4
ftp://m:m@tv.dl1234.com:2199/神秘博士第十季03.mp4
ftp://m:m@tv.dl1234.com:2199/神秘博士第十季02.mp4
ftp://m:m@tv.dl1234.com:2199/神秘博士第十季01.mp4
http://www.dy2018.com/i/97913.html---------2017年美国欧美剧《绝命律师/风骚律师第三季》连载至10迅雷下载_电影天堂
http://www.dy2018.com/i/97319.html---------2016年美国欧美剧《哥谭第三季》连载至20170604迅雷下载_电影天堂
http://www.dy2018.com/i/91871.html---------2013年科幻动作美剧《神盾局特工 第一季》全22集[中英双字]迅雷下载_电影天堂
http://www.dy2018.com/html/zongyi2013/---------综艺节目2013_电影天堂-迅雷电影下载
http://www.dy2018.com/html/zongyi2013/taiwanzongyi/---------综艺节目2013 / 港台综艺_电影天堂-迅雷电影下载
http://www.dy2018.com/i/96661.html---------2014年港台综艺《女人我最大》连载至20170807迅雷下载_电影天堂
http://www.dy2018.com/i/96700.html---------2016年台湾综艺《小明星大跟班》连载至20170810迅雷下载_电影天堂
http://www.dy2018.com/i/96702.html---------2014年大陆综艺《完全娱乐》连载至20170730迅雷下载_电影天堂
http://www.dy2018.com/i/96690.html---------2011年港台综艺《明日之星》连载至20160521迅雷下载_电影天堂
http://www.dy2018.com/i/96660.html---------完全娛樂-20160401迅雷下载_电影天堂
http://www.dy2018.com/i/96520.html---------食尚玩家-20160301~20160331迅雷下载_电影天堂
http://www.dy2018.com/html/zongyi2013/taiwanzongyi/index_2.html---------综艺节目2013 / 港台综艺_电影天堂-迅雷电影下载
http://www.dy2018.com/html/2009zongyi/---------综艺节目2009_电影天堂-迅雷电影下载
http://www.dy2018.com/html/2009zongyi/zyfirst/---------综艺节目2009 / 综艺发布组_电影天堂-迅雷电影下载
http://www.dy2018.com/html/2009zongyi/hanguozy/---------综艺节目2009 / 韩国综艺_电影天堂-迅雷电影下载
http://www.dy2018.com/html/2009zongyi/daluzy/---------综艺节目2009 / 大陆综艺_电影天堂-迅雷电影下载
http://www.dy2018.com/html/2009zongyi/best/---------综艺节目2009 / 晚会，演唱会，颁奖典礼_电影天堂-迅雷电影下载
http://www.dy2018.com/html/2009zongyi/daluzy/20130728/91550.html---------快乐大本营-20130706~20130727迅雷下载_电影天堂
http://www.dy2018.com/html/2009zongyi/twzy/20121122/40394.html---------女人我最大-20121121迅雷下载_电影天堂
http://www.dy2018.com/html/2009zongyi/twzy/20121122/40388.html---------大学生了没-20121121迅雷下载_电影天堂
http://www.dy2018.com/html/2009zongyi/twzy/20121122/40386.html---------完全娱乐-20121121迅雷下载_电影天堂
http://www.dy2018.com/html/2009zongyi/twzy/20121122/40385.html---------型男大主厨-20121121迅雷下载_电影天堂
http://www.dy2018.com/html/2009zongyi/twzy/20121122/40384.html---------康熙来了-20121121迅雷下载_电影天堂
http://www.dy2018.com/html/2009zongyi/twzy/20121121/40382.html---------型男大主厨-20121120迅雷下载_电影天堂
http://www.dy2018.com/html/2009zongyi/twzy/20121121/40381.html---------女人我最大-20121120迅雷下载_电影天堂
http://www.dy2018.com/html/2009zongyi/twzy/20121121/40377.html---------国光帮帮忙-20121120迅雷下载_电影天堂
http://www.dy2018.com/html/2009zongyi/twzy/20121121/40376.html---------完全娱乐-20121120迅雷下载_电影天堂
http://www.dy2018.com/html/2009zongyi/twzy/20121121/40371.html---------娱乐百分百-20121120迅雷下载_电影天堂
http://www.dy2018.com/html/2009zongyi/twzy/20121120/40357.html---------康熙来了-20121119迅雷下载_电影天堂
http://www.dy2018.com/html/2009zongyi/twzy/20121120/40356.html---------完全娱乐-20121119迅雷下载_电影天堂
http://www.dy2018.com/html/2009zongyi/twzy/20121120/40355.html---------型男大主厨-20121119迅雷下载_电影天堂
http://www.dy2018.com/html/2009zongyi/twzy/20121120/40365.html---------女人我最大-20121119迅雷下载_电影天堂
http://www.dy2018.com/html/2009zongyi/twzy/20121120/40364.html---------大学生了没-20121119迅雷下载_电影天堂
http://www.dy2018.com/html/2009zongyi/twzy/20121120/40358.html---------国光帮帮忙-20121119迅雷下载_电影天堂
http://www.dy2018.com/html/2009zongyi/twzy/20121119/40346.html---------百万大明星-20121118迅雷下载_电影天堂
http://www.dy2018.com/html/2009zongyi/twzy/20121119/40345.html---------华人星光大道2-20121118迅雷下载_电影天堂
http://www.dy2018.com/html/2009zongyi/index_2.html---------综艺节目2009_电影天堂-迅雷电影下载
http://www.dy2018.com/html/2009zongyi/index_401.html---------综艺节目2009_电影天堂-迅雷电影下载
http://www.dy2018.com/i/97057.html---------2014年大陆动漫《秦时明月之君临天下》连载至67迅雷下载_电影天堂
http://www.dy2018.com/webPlay/play-id-97057-collection-66.html---------2014年大陆动漫《秦时明月之君临天下》连载至67 - 在线播放
http://www.dy2018.com/webPlay/play-id-97057-collection-64.html---------2014年大陆动漫《秦时明月之君临天下》连载至67 - 在线播放
http://www.dy2018.com/webPlay/play-id-97057-collection-63.html---------2014年大陆动漫《秦时明月之君临天下》连载至67 - 在线播放
http://www.dy2018.com/webPlay/play-id-97057-collection-62.html---------2014年大陆动漫《秦时明月之君临天下》连载至67 - 在线播放
http://www.dy2018.com/webPlay/play-id-97057-collection-61.html---------2014年大陆动漫《秦时明月之君临天下》连载至67 - 在线播放
http://www.dy2018.com/webPlay/play-id-97057-collection-60.html---------2014年大陆动漫《秦时明月之君临天下》连载至67 - 在线播放
http://www.dy2018.com/webPlay/play-id-97057-collection-59.html---------2014年大陆动漫《秦时明月之君临天下》连载至67 - 在线播放
http://www.dy2018.com/webPlay/play-id-97057-collection-57.html---------2014年大陆动漫《秦时明月之君临天下》连载至67 - 在线播放
http://www.dy2018.com/webPlay/play-id-97057-collection-54.html---------2014年大陆动漫《秦时明月之君临天下》连载至67 - 在线播放
http://www.dy2018.com/webPlay/play-id-97057-collection-51.html---------2014年大陆动漫《秦时明月之君临天下》连载至67 - 在线播放
http://www.dy2018.com/webPlay/play-id-97057-collection-49.html---------2014年大陆动漫《秦时明月之君临天下》连载至67 - 在线播放
http://www.dy2018.com/webPlay/play-id-97057-collection-48.html---------2014年大陆动漫《秦时明月之君临天下》连载至67 - 在线播放
http://www.dy2018.com/webPlay/play-id-97057-collection-47.html---------2014年大陆动漫《秦时明月之君临天下》连载至67 - 在线播放
http://www.dy2018.com/webPlay/play-id-97057-collection-45.html---------2014年大陆动漫《秦时明月之君临天下》连载至67 - 在线播放
http://www.dy2018.com/webPlay/play-id-97057-collection-44.html---------2014年大陆动漫《秦时明月之君临天下》连载至67 - 在线播放
http://www.dy2018.com/webPlay/play-id-97057-collection-43.html---------2014年大陆动漫《秦时明月之君临天下》连载至67 - 在线播放
http://www.dy2018.com/webPlay/play-id-97057-collection-42.html---------2014年大陆动漫《秦时明月之君临天下》连载至67 - 在线播放
http://www.dy2018.com/webPlay/play-id-97057-collection-41.html---------2014年大陆动漫《秦时明月之君临天下》连载至67 - 在线播放
http://www.dy2018.com/webPlay/play-id-97057-collection-40.html---------2014年大陆动漫《秦时明月之君临天下》连载至67 - 在线播放
http://www.dy2018.com/webPlay/play-id-97057-collection-39.html---------2014年大陆动漫《秦时明月之君临天下》连载至67 - 在线播放
http://www.dy2018.com/webPlay/play-id-97057-collection-37.html---------2014年大陆动漫《秦时明月之君临天下》连载至67 - 在线播放
http://www.dy2018.com/webPlay/play-id-97057-collection-36.html---------2014年大陆动漫《秦时明月之君临天下》连载至67 - 在线播放
http://www.dy2018.com/webPlay/play-id-97057-collection-35.html---------2014年大陆动漫《秦时明月之君临天下》连载至67 - 在线播放
http://www.dy2018.com/webPlay/play-id-97057-collection-33.html---------2014年大陆动漫《秦时明月之君临天下》连载至67 - 在线播放
http://www.dy2018.com/webPlay/play-id-97057-collection-32.html---------2014年大陆动漫《秦时明月之君临天下》连载至67 - 在线播放
http://www.dy2018.com/webPlay/play-id-97057-collection-29.html---------2014年大陆动漫《秦时明月之君临天下》连载至67 - 在线播放
http://www.dy2018.com/webPlay/play-id-97057-collection-28.html---------2014年大陆动漫《秦时明月之君临天下》连载至67 - 在线播放
http://www.dy2018.com/webPlay/play-id-97057-collection-27.html---------2014年大陆动漫《秦时明月之君临天下》连载至67 - 在线播放
http://www.dy2018.com/webPlay/play-id-97057-collection-26.html---------2014年大陆动漫《秦时明月之君临天下》连载至67 - 在线播放
http://www.dy2018.com/webPlay/play-id-97057-collection-24.html---------2014年大陆动漫《秦时明月之君临天下》连载至67 - 在线播放
http://www.dy2018.com/webPlay/play-id-97057-collection-22.html---------2014年大陆动漫《秦时明月之君临天下》连载至67 - 在线播放
http://www.dy2018.com/webPlay/play-id-97057-collection-21.html---------2014年大陆动漫《秦时明月之君临天下》连载至67 - 在线播放
http://www.dy2018.com/webPlay/play-id-97057-collection-20.html---------2014年大陆动漫《秦时明月之君临天下》连载至67 - 在线播放
http://www.dy2018.com/webPlay/play-id-97057-collection-18.html---------2014年大陆动漫《秦时明月之君临天下》连载至67 - 在线播放
http://www.dy2018.com/webPlay/play-id-97057-collection-17.html---------2014年大陆动漫《秦时明月之君临天下》连载至67 - 在线播放
http://www.dy2018.com/webPlay/play-id-97057-collection-16.html---------2014年大陆动漫《秦时明月之君临天下》连载至67 - 在线播放
http://www.dy2018.com/webPlay/play-id-97057-collection-15.html---------2014年大陆动漫《秦时明月之君临天下》连载至67 - 在线播放
http://www.dy2018.com/webPlay/play-id-97057-collection-14.html---------2014年大陆动漫《秦时明月之君临天下》连载至67 - 在线播放
http://www.dy2018.com/webPlay/play-id-97057-collection-13.html---------2014年大陆动漫《秦时明月之君临天下》连载至67 - 在线播放
http://www.dy2018.com/webPlay/play-id-97057-collection-12.html---------2014年大陆动漫《秦时明月之君临天下》连载至67 - 在线播放
http://www.dy2018.com/webPlay/play-id-97057-collection-10.html---------2014年大陆动漫《秦时明月之君临天下》连载至67 - 在线播放
http://www.dy2018.com/webPlay/play-id-97057-collection-9.html---------2014年大陆动漫《秦时明月之君临天下》连载至67 - 在线播放
http://www.dy2018.com/webPlay/play-id-97057-collection-8.html---------2014年大陆动漫《秦时明月之君临天下》连载至67 - 在线播放
http://www.dy2018.com/webPlay/play-id-97057-collection-6.html---------2014年大陆动漫《秦时明月之君临天下》连载至67 - 在线播放
http://www.dy2018.com/webPlay/play-id-97057-collection-4.html---------2014年大陆动漫《秦时明月之君临天下》连载至67 - 在线播放
http://www.dy2018.com/webPlay/play-id-97057-collection-3.html---------2014年大陆动漫《秦时明月之君临天下》连载至67 - 在线播放
http://www.dy2018.com/webPlay/play-id-97057-collection-1.html---------2014年大陆动漫《秦时明月之君临天下》连载至67 - 在线播放
http://www.dy2018.com/webPlay/play-id-97057-collection-0.html---------2014年大陆动漫《秦时明月之君临天下》连载至67 - 在线播放
http://www.dy2018.com/i/97058.html---------2016年大陆动漫《武庚纪》连载至28迅雷下载_电影天堂
http://www.dy2018.com/i/97331.html---------2014年日韩综艺《无限挑战》连载至20150305迅雷下载_电影天堂
http://www.dy2018.com/i/95140.html---------孤岛求生第一季E01~04迅雷下载_电影天堂
http://www.dy2018.com/i/92771.html---------Running Man-20140202~20140316迅雷下载_电影天堂
http://www.dy2018.com/html/zongyi2013/index_96.html---------综艺节目2013_电影天堂-迅雷电影下载
http://www.dy2018.com/html/zongyi2013/taiwanzongyi/20121123/40400.html---------国光帮帮忙-20121122迅雷下载_电影天堂
http://www.dy2018.com/html/zongyi2013/taiwanzongyi/20121123/40398.html---------大学生了没-20121122迅雷下载_电影天堂
http://www.dy2018.com/html/zongyi2013/index_95.html---------综艺节目2013_电影天堂-迅雷电影下载
